0 verbose cli C:\Program Files\nodejs\node.exe C:\Users\jjcha\AppData\Roaming\npm\node_modules\npm\bin\npm-cli.js
1 info using npm@10.7.0
2 info using node@v22.15.0
3 silly config:load:file:C:\Users\jjcha\AppData\Roaming\npm\node_modules\npm\npmrc
4 silly config:load:file:D:\fairproject\fair_app\.npmrc
5 silly config:load:file:C:\Users\jjcha\.npmrc
6 silly config:load:file:C:\Users\jjcha\AppData\Roaming\npm\etc\npmrc
7 verbose title npm install framer-motion
8 verbose argv "install" "framer-motion"
9 verbose logfile logs-max:10 dir:D:\fairproject\fair_app\.npm-cache\_logs\2025-10-11T01_09_21_434Z-
10 verbose logfile D:\fairproject\fair_app\.npm-cache\_logs\2025-10-11T01_09_21_434Z-debug-0.log
11 silly logfile start cleaning logs, removing 1 files
12 silly logfile done cleaning log files
13 silly idealTree buildDeps
14 silly fetch manifest framer-motion@*
15 http fetch GET 200 https://registry.npmjs.org/framer-motion 426ms (cache miss)
16 silly fetch manifest @emotion/is-prop-valid@*
17 http fetch GET 200 https://registry.npmjs.org/@emotion%2fis-prop-valid 222ms (cache miss)
18 silly fetch manifest react@19.1.0
19 http fetch GET 200 https://registry.npmjs.org/react 347ms (cache miss)
20 silly fetch manifest react-dom@19.1.0
21 http fetch GET 200 https://registry.npmjs.org/react-dom 264ms (cache miss)
22 silly placeDep ROOT framer-motion@12.23.24 OK for: fair_app@0.1.0 want: *
23 silly fetch manifest motion-dom@^12.23.23
24 silly fetch manifest motion-utils@^12.23.6
25 http fetch GET 200 https://registry.npmjs.org/motion-dom 139ms (cache miss)
26 http fetch GET 200 https://registry.npmjs.org/motion-utils 229ms (cache miss)
27 silly placeDep ROOT motion-dom@12.23.23 OK for: framer-motion@12.23.24 want: ^12.23.23
28 silly placeDep ROOT motion-utils@12.23.6 OK for: framer-motion@12.23.24 want: ^12.23.6
29 silly reify moves {}
30 verbose reify failed optional dependency D:\fairproject\fair_app\node_modules\@tailwindcss\oxide-wasm32-wasi
31 silly reify mark deleted [
31 silly reify   'D:\\fairproject\\fair_app\\node_modules\\@tailwindcss\\oxide-wasm32-wasi'
31 silly reify ]
32 silly audit bulk request {
32 silly audit   '@alloc/quick-lru': [ '5.2.0' ],
32 silly audit   '@emnapi/runtime': [ '1.5.0' ],
32 silly audit   '@img/colour': [ '1.0.0' ],
32 silly audit   '@img/sharp-darwin-arm64': [ '0.34.4' ],
32 silly audit   '@img/sharp-darwin-x64': [ '0.34.4' ],
32 silly audit   '@img/sharp-libvips-darwin-arm64': [ '1.2.3' ],
32 silly audit   '@img/sharp-libvips-darwin-x64': [ '1.2.3' ],
32 silly audit   '@img/sharp-libvips-linux-arm': [ '1.2.3' ],
32 silly audit   '@img/sharp-libvips-linux-arm64': [ '1.2.3' ],
32 silly audit   '@img/sharp-libvips-linux-ppc64': [ '1.2.3' ],
32 silly audit   '@img/sharp-libvips-linux-s390x': [ '1.2.3' ],
32 silly audit   '@img/sharp-libvips-linux-x64': [ '1.2.3' ],
32 silly audit   '@img/sharp-libvips-linuxmusl-arm64': [ '1.2.3' ],
32 silly audit   '@img/sharp-libvips-linuxmusl-x64': [ '1.2.3' ],
32 silly audit   '@img/sharp-linux-arm': [ '0.34.4' ],
32 silly audit   '@img/sharp-linux-arm64': [ '0.34.4' ],
32 silly audit   '@img/sharp-linux-ppc64': [ '0.34.4' ],
32 silly audit   '@img/sharp-linux-s390x': [ '0.34.4' ],
32 silly audit   '@img/sharp-linux-x64': [ '0.34.4' ],
32 silly audit   '@img/sharp-linuxmusl-arm64': [ '0.34.4' ],
32 silly audit   '@img/sharp-linuxmusl-x64': [ '0.34.4' ],
32 silly audit   '@img/sharp-wasm32': [ '0.34.4' ],
32 silly audit   '@img/sharp-win32-arm64': [ '0.34.4' ],
32 silly audit   '@img/sharp-win32-ia32': [ '0.34.4' ],
32 silly audit   '@img/sharp-win32-x64': [ '0.34.4' ],
32 silly audit   '@isaacs/fs-minipass': [ '4.0.1' ],
32 silly audit   '@jridgewell/gen-mapping': [ '0.3.13' ],
32 silly audit   '@jridgewell/remapping': [ '2.3.5' ],
32 silly audit   '@jridgewell/resolve-uri': [ '3.1.2' ],
32 silly audit   '@jridgewell/sourcemap-codec': [ '1.5.5' ],
32 silly audit   '@jridgewell/trace-mapping': [ '0.3.31' ],
32 silly audit   '@next/env': [ '15.5.4' ],
32 silly audit   '@next/swc-darwin-arm64': [ '15.5.4' ],
32 silly audit   '@next/swc-darwin-x64': [ '15.5.4' ],
32 silly audit   '@next/swc-linux-arm64-gnu': [ '15.5.4' ],
32 silly audit   '@next/swc-linux-arm64-musl': [ '15.5.4' ],
32 silly audit   '@next/swc-linux-x64-gnu': [ '15.5.4' ],
32 silly audit   '@next/swc-linux-x64-musl': [ '15.5.4' ],
32 silly audit   '@next/swc-win32-arm64-msvc': [ '15.5.4' ],
32 silly audit   '@next/swc-win32-x64-msvc': [ '15.5.4' ],
32 silly audit   '@swc/helpers': [ '0.5.15' ],
32 silly audit   '@tailwindcss/node': [ '4.1.14' ],
32 silly audit   '@tailwindcss/oxide': [ '4.1.14' ],
32 silly audit   '@tailwindcss/oxide-android-arm64': [ '4.1.14' ],
32 silly audit   '@tailwindcss/oxide-darwin-arm64': [ '4.1.14' ],
32 silly audit   '@tailwindcss/oxide-darwin-x64': [ '4.1.14' ],
32 silly audit   '@tailwindcss/oxide-freebsd-x64': [ '4.1.14' ],
32 silly audit   '@tailwindcss/oxide-linux-arm-gnueabihf': [ '4.1.14' ],
32 silly audit   '@tailwindcss/oxide-linux-arm64-gnu': [ '4.1.14' ],
32 silly audit   '@tailwindcss/oxide-linux-arm64-musl': [ '4.1.14' ],
32 silly audit   '@tailwindcss/oxide-linux-x64-gnu': [ '4.1.14' ],
32 silly audit   '@tailwindcss/oxide-linux-x64-musl': [ '4.1.14' ],
32 silly audit   '@tailwindcss/oxide-win32-arm64-msvc': [ '4.1.14' ],
32 silly audit   '@tailwindcss/oxide-win32-x64-msvc': [ '4.1.14' ],
32 silly audit   '@tailwindcss/postcss': [ '4.1.14' ],
32 silly audit   '@types/node': [ '20.19.19' ],
32 silly audit   '@types/react': [ '19.2.2' ],
32 silly audit   '@types/react-dom': [ '19.2.1' ],
32 silly audit   'caniuse-lite': [ '1.0.30001749' ],
32 silly audit   chownr: [ '3.0.0' ],
32 silly audit   'client-only': [ '0.0.1' ],
32 silly audit   csstype: [ '3.1.3' ],
32 silly audit   'detect-libc': [ '2.1.2' ],
32 silly audit   'enhanced-resolve': [ '5.18.3' ],
32 silly audit   'graceful-fs': [ '4.2.11' ],
32 silly audit   jiti: [ '2.6.1' ],
32 silly audit   lightningcss: [ '1.30.1' ],
32 silly audit   'lightningcss-darwin-arm64': [ '1.30.1' ],
32 silly audit   'lightningcss-darwin-x64': [ '1.30.1' ],
32 silly audit   'lightningcss-freebsd-x64': [ '1.30.1' ],
32 silly audit   'lightningcss-linux-arm-gnueabihf': [ '1.30.1' ],
32 silly audit   'lightningcss-linux-arm64-gnu': [ '1.30.1' ],
32 silly audit   'lightningcss-linux-arm64-musl': [ '1.30.1' ],
32 silly audit   'lightningcss-linux-x64-gnu': [ '1.30.1' ],
32 silly audit   'lightningcss-linux-x64-musl': [ '1.30.1' ],
32 silly audit   'lightningcss-win32-arm64-msvc': [ '1.30.1' ],
32 silly audit   'lightningcss-win32-x64-msvc': [ '1.30.1' ],
32 silly audit   'magic-string': [ '0.30.19' ],
32 silly audit   minipass: [ '7.1.2' ],
32 silly audit   minizlib: [ '3.1.0' ],
32 silly audit   nanoid: [ '3.3.11' ],
32 silly audit   next: [ '15.5.4' ],
32 silly audit   postcss: [ '8.4.31', '8.5.6' ],
32 silly audit   picocolors: [ '1.1.1' ],
32 silly audit   react: [ '19.1.0' ],
32 silly audit   'react-dom': [ '19.1.0' ],
32 silly audit   scheduler: [ '0.26.0' ],
32 silly audit   semver: [ '7.7.3' ],
32 silly audit   sharp: [ '0.34.4' ],
32 silly audit   'source-map-js': [ '1.2.1' ],
32 silly audit   'styled-jsx': [ '5.1.6' ],
32 silly audit   tailwindcss: [ '4.1.14' ],
32 silly audit   tapable: [ '2.3.0' ],
32 silly audit   tar: [ '7.5.1' ],
32 silly audit   tslib: [ '2.8.1' ],
32 silly audit   typescript: [ '5.9.3' ],
32 silly audit   'undici-types': [ '6.21.0' ],
32 silly audit   yallist: [ '5.0.0' ],
32 silly audit   'framer-motion': [ '12.23.24' ],
32 silly audit   'motion-dom': [ '12.23.23' ],
32 silly audit   'motion-utils': [ '12.23.6' ],
32 silly audit   '@tailwindcss/oxide-wasm32-wasi': [ '4.1.14' ]
32 silly audit }
33 verbose reify failed optional dependency D:\fairproject\fair_app\node_modules\lightningcss-win32-arm64-msvc
34 silly reify mark deleted [
34 silly reify   'D:\\fairproject\\fair_app\\node_modules\\lightningcss-win32-arm64-msvc'
34 silly reify ]
35 verbose reify failed optional dependency D:\fairproject\fair_app\node_modules\lightningcss-linux-x64-musl
36 silly reify mark deleted [
36 silly reify   'D:\\fairproject\\fair_app\\node_modules\\lightningcss-linux-x64-musl'
36 silly reify ]
37 verbose reify failed optional dependency D:\fairproject\fair_app\node_modules\lightningcss-linux-x64-gnu
38 silly reify mark deleted [
38 silly reify   'D:\\fairproject\\fair_app\\node_modules\\lightningcss-linux-x64-gnu'
38 silly reify ]
39 verbose reify failed optional dependency D:\fairproject\fair_app\node_modules\lightningcss-linux-arm64-musl
40 silly reify mark deleted [
40 silly reify   'D:\\fairproject\\fair_app\\node_modules\\lightningcss-linux-arm64-musl'
40 silly reify ]
41 verbose reify failed optional dependency D:\fairproject\fair_app\node_modules\lightningcss-linux-arm64-gnu
42 silly reify mark deleted [
42 silly reify   'D:\\fairproject\\fair_app\\node_modules\\lightningcss-linux-arm64-gnu'
42 silly reify ]
43 verbose reify failed optional dependency D:\fairproject\fair_app\node_modules\lightningcss-linux-arm-gnueabihf
44 silly reify mark deleted [
44 silly reify   'D:\\fairproject\\fair_app\\node_modules\\lightningcss-linux-arm-gnueabihf'
44 silly reify ]
45 verbose reify failed optional dependency D:\fairproject\fair_app\node_modules\lightningcss-freebsd-x64
46 silly reify mark deleted [ 'D:\\fairproject\\fair_app\\node_modules\\lightningcss-freebsd-x64' ]
47 verbose reify failed optional dependency D:\fairproject\fair_app\node_modules\lightningcss-darwin-x64
48 silly reify mark deleted [ 'D:\\fairproject\\fair_app\\node_modules\\lightningcss-darwin-x64' ]
49 verbose reify failed optional dependency D:\fairproject\fair_app\node_modules\lightningcss-darwin-arm64
50 silly reify mark deleted [
50 silly reify   'D:\\fairproject\\fair_app\\node_modules\\lightningcss-darwin-arm64'
50 silly reify ]
51 verbose reify failed optional dependency D:\fairproject\fair_app\node_modules\@tailwindcss\oxide-win32-arm64-msvc
52 silly reify mark deleted [
52 silly reify   'D:\\fairproject\\fair_app\\node_modules\\@tailwindcss\\oxide-win32-arm64-msvc'
52 silly reify ]
53 verbose reify failed optional dependency D:\fairproject\fair_app\node_modules\@tailwindcss\oxide-linux-x64-musl
54 silly reify mark deleted [
54 silly reify   'D:\\fairproject\\fair_app\\node_modules\\@tailwindcss\\oxide-linux-x64-musl'
54 silly reify ]
55 verbose reify failed optional dependency D:\fairproject\fair_app\node_modules\@tailwindcss\oxide-linux-x64-gnu
56 silly reify mark deleted [
56 silly reify   'D:\\fairproject\\fair_app\\node_modules\\@tailwindcss\\oxide-linux-x64-gnu'
56 silly reify ]
57 verbose reify failed optional dependency D:\fairproject\fair_app\node_modules\@tailwindcss\oxide-linux-arm64-musl
58 silly reify mark deleted [
58 silly reify   'D:\\fairproject\\fair_app\\node_modules\\@tailwindcss\\oxide-linux-arm64-musl'
58 silly reify ]
59 verbose reify failed optional dependency D:\fairproject\fair_app\node_modules\@tailwindcss\oxide-linux-arm64-gnu
60 silly reify mark deleted [
60 silly reify   'D:\\fairproject\\fair_app\\node_modules\\@tailwindcss\\oxide-linux-arm64-gnu'
60 silly reify ]
61 verbose reify failed optional dependency D:\fairproject\fair_app\node_modules\@tailwindcss\oxide-linux-arm-gnueabihf
62 silly reify mark deleted [
62 silly reify   'D:\\fairproject\\fair_app\\node_modules\\@tailwindcss\\oxide-linux-arm-gnueabihf'
62 silly reify ]
63 verbose reify failed optional dependency D:\fairproject\fair_app\node_modules\@tailwindcss\oxide-freebsd-x64
64 silly reify mark deleted [
64 silly reify   'D:\\fairproject\\fair_app\\node_modules\\@tailwindcss\\oxide-freebsd-x64'
64 silly reify ]
65 verbose reify failed optional dependency D:\fairproject\fair_app\node_modules\@tailwindcss\oxide-darwin-x64
66 silly reify mark deleted [
66 silly reify   'D:\\fairproject\\fair_app\\node_modules\\@tailwindcss\\oxide-darwin-x64'
66 silly reify ]
67 verbose reify failed optional dependency D:\fairproject\fair_app\node_modules\@tailwindcss\oxide-darwin-arm64
68 silly reify mark deleted [
68 silly reify   'D:\\fairproject\\fair_app\\node_modules\\@tailwindcss\\oxide-darwin-arm64'
68 silly reify ]
69 verbose reify failed optional dependency D:\fairproject\fair_app\node_modules\@tailwindcss\oxide-android-arm64
70 silly reify mark deleted [
70 silly reify   'D:\\fairproject\\fair_app\\node_modules\\@tailwindcss\\oxide-android-arm64'
70 silly reify ]
71 verbose reify failed optional dependency D:\fairproject\fair_app\node_modules\@next\swc-win32-arm64-msvc
72 silly reify mark deleted [
72 silly reify   'D:\\fairproject\\fair_app\\node_modules\\@next\\swc-win32-arm64-msvc'
72 silly reify ]
73 verbose reify failed optional dependency D:\fairproject\fair_app\node_modules\@next\swc-linux-x64-musl
74 silly reify mark deleted [
74 silly reify   'D:\\fairproject\\fair_app\\node_modules\\@next\\swc-linux-x64-musl'
74 silly reify ]
75 verbose reify failed optional dependency D:\fairproject\fair_app\node_modules\@next\swc-linux-x64-gnu
76 silly reify mark deleted [ 'D:\\fairproject\\fair_app\\node_modules\\@next\\swc-linux-x64-gnu' ]
77 verbose reify failed optional dependency D:\fairproject\fair_app\node_modules\@next\swc-linux-arm64-musl
78 silly reify mark deleted [
78 silly reify   'D:\\fairproject\\fair_app\\node_modules\\@next\\swc-linux-arm64-musl'
78 silly reify ]
79 verbose reify failed optional dependency D:\fairproject\fair_app\node_modules\@next\swc-linux-arm64-gnu
80 silly reify mark deleted [
80 silly reify   'D:\\fairproject\\fair_app\\node_modules\\@next\\swc-linux-arm64-gnu'
80 silly reify ]
81 verbose reify failed optional dependency D:\fairproject\fair_app\node_modules\@next\swc-darwin-x64
82 silly reify mark deleted [ 'D:\\fairproject\\fair_app\\node_modules\\@next\\swc-darwin-x64' ]
83 verbose reify failed optional dependency D:\fairproject\fair_app\node_modules\@next\swc-darwin-arm64
84 silly reify mark deleted [ 'D:\\fairproject\\fair_app\\node_modules\\@next\\swc-darwin-arm64' ]
85 verbose reify failed optional dependency D:\fairproject\fair_app\node_modules\@img\sharp-win32-ia32
86 silly reify mark deleted [ 'D:\\fairproject\\fair_app\\node_modules\\@img\\sharp-win32-ia32' ]
87 verbose reify failed optional dependency D:\fairproject\fair_app\node_modules\@img\sharp-win32-arm64
88 silly reify mark deleted [ 'D:\\fairproject\\fair_app\\node_modules\\@img\\sharp-win32-arm64' ]
89 verbose reify failed optional dependency D:\fairproject\fair_app\node_modules\@img\sharp-wasm32
90 silly reify mark deleted [ 'D:\\fairproject\\fair_app\\node_modules\\@img\\sharp-wasm32' ]
91 verbose reify failed optional dependency D:\fairproject\fair_app\node_modules\@img\sharp-linuxmusl-x64
92 silly reify mark deleted [
92 silly reify   'D:\\fairproject\\fair_app\\node_modules\\@img\\sharp-linuxmusl-x64'
92 silly reify ]
93 verbose reify failed optional dependency D:\fairproject\fair_app\node_modules\@img\sharp-linuxmusl-arm64
94 silly reify mark deleted [
94 silly reify   'D:\\fairproject\\fair_app\\node_modules\\@img\\sharp-linuxmusl-arm64'
94 silly reify ]
95 verbose reify failed optional dependency D:\fairproject\fair_app\node_modules\@img\sharp-linux-x64
96 silly reify mark deleted [ 'D:\\fairproject\\fair_app\\node_modules\\@img\\sharp-linux-x64' ]
97 verbose reify failed optional dependency D:\fairproject\fair_app\node_modules\@img\sharp-linux-s390x
98 silly reify mark deleted [ 'D:\\fairproject\\fair_app\\node_modules\\@img\\sharp-linux-s390x' ]
99 verbose reify failed optional dependency D:\fairproject\fair_app\node_modules\@img\sharp-linux-ppc64
100 silly reify mark deleted [ 'D:\\fairproject\\fair_app\\node_modules\\@img\\sharp-linux-ppc64' ]
101 verbose reify failed optional dependency D:\fairproject\fair_app\node_modules\@img\sharp-linux-arm64
102 silly reify mark deleted [ 'D:\\fairproject\\fair_app\\node_modules\\@img\\sharp-linux-arm64' ]
103 verbose reify failed optional dependency D:\fairproject\fair_app\node_modules\@img\sharp-linux-arm
104 silly reify mark deleted [ 'D:\\fairproject\\fair_app\\node_modules\\@img\\sharp-linux-arm' ]
105 verbose reify failed optional dependency D:\fairproject\fair_app\node_modules\@img\sharp-libvips-linuxmusl-x64
106 silly reify mark deleted [
106 silly reify   'D:\\fairproject\\fair_app\\node_modules\\@img\\sharp-libvips-linuxmusl-x64'
106 silly reify ]
107 verbose reify failed optional dependency D:\fairproject\fair_app\node_modules\@img\sharp-libvips-linuxmusl-arm64
108 silly reify mark deleted [
108 silly reify   'D:\\fairproject\\fair_app\\node_modules\\@img\\sharp-libvips-linuxmusl-arm64'
108 silly reify ]
109 verbose reify failed optional dependency D:\fairproject\fair_app\node_modules\@img\sharp-libvips-linux-x64
110 silly reify mark deleted [
110 silly reify   'D:\\fairproject\\fair_app\\node_modules\\@img\\sharp-libvips-linux-x64'
110 silly reify ]
111 verbose reify failed optional dependency D:\fairproject\fair_app\node_modules\@img\sharp-libvips-linux-s390x
112 silly reify mark deleted [
112 silly reify   'D:\\fairproject\\fair_app\\node_modules\\@img\\sharp-libvips-linux-s390x'
112 silly reify ]
113 verbose reify failed optional dependency D:\fairproject\fair_app\node_modules\@img\sharp-libvips-linux-ppc64
114 silly reify mark deleted [
114 silly reify   'D:\\fairproject\\fair_app\\node_modules\\@img\\sharp-libvips-linux-ppc64'
114 silly reify ]
115 verbose reify failed optional dependency D:\fairproject\fair_app\node_modules\@img\sharp-libvips-linux-arm64
116 silly reify mark deleted [
116 silly reify   'D:\\fairproject\\fair_app\\node_modules\\@img\\sharp-libvips-linux-arm64'
116 silly reify ]
117 verbose reify failed optional dependency D:\fairproject\fair_app\node_modules\@img\sharp-libvips-linux-arm
118 silly reify mark deleted [
118 silly reify   'D:\\fairproject\\fair_app\\node_modules\\@img\\sharp-libvips-linux-arm'
118 silly reify ]
119 verbose reify failed optional dependency D:\fairproject\fair_app\node_modules\@img\sharp-libvips-darwin-x64
120 silly reify mark deleted [
120 silly reify   'D:\\fairproject\\fair_app\\node_modules\\@img\\sharp-libvips-darwin-x64'
120 silly reify ]
121 verbose reify failed optional dependency D:\fairproject\fair_app\node_modules\@img\sharp-libvips-darwin-arm64
122 silly reify mark deleted [
122 silly reify   'D:\\fairproject\\fair_app\\node_modules\\@img\\sharp-libvips-darwin-arm64'
122 silly reify ]
123 verbose reify failed optional dependency D:\fairproject\fair_app\node_modules\@img\sharp-darwin-x64
124 silly reify mark deleted [ 'D:\\fairproject\\fair_app\\node_modules\\@img\\sharp-darwin-x64' ]
125 verbose reify failed optional dependency D:\fairproject\fair_app\node_modules\@img\sharp-darwin-arm64
126 silly reify mark deleted [ 'D:\\fairproject\\fair_app\\node_modules\\@img\\sharp-darwin-arm64' ]
127 silly tarball no local data for motion-utils@https://registry.npmjs.org/motion-utils/-/motion-utils-12.23.6.tgz. Extracting by manifest.
128 silly tarball no local data for framer-motion@https://registry.npmjs.org/framer-motion/-/framer-motion-12.23.24.tgz. Extracting by manifest.
129 silly tarball no local data for motion-dom@https://registry.npmjs.org/motion-dom/-/motion-dom-12.23.23.tgz. Extracting by manifest.
130 http fetch GET 200 https://registry.npmjs.org/motion-utils/-/motion-utils-12.23.6.tgz 120ms (cache miss)
131 http fetch POST 200 https://registry.npmjs.org/-/npm/v1/security/advisories/bulk 224ms
132 silly audit report {}
133 http fetch GET 200 https://registry.npmjs.org/motion-dom/-/motion-dom-12.23.23.tgz 508ms (cache miss)
134 http fetch GET 200 https://registry.npmjs.org/framer-motion/-/framer-motion-12.23.24.tgz 805ms (cache miss)
135 silly ADD node_modules/motion-utils
136 silly ADD node_modules/motion-dom
137 silly ADD node_modules/framer-motion
138 silly ADD
139 silly ADD
140 silly ADD
141 silly ADD
142 silly ADD
143 silly ADD
144 silly ADD
145 silly ADD
146 silly ADD
147 silly ADD
148 silly ADD
149 silly ADD
150 silly ADD
151 silly ADD
152 silly ADD
153 silly ADD
154 silly ADD
155 silly ADD
156 silly ADD
157 silly ADD
158 silly ADD
159 silly ADD
160 silly ADD
161 silly ADD
162 silly ADD
163 silly ADD
164 silly ADD
165 silly ADD
166 silly ADD
167 silly ADD
168 silly ADD
169 silly ADD
170 silly ADD
171 silly ADD
172 silly ADD
173 silly ADD
174 silly ADD
175 silly ADD
176 silly ADD
177 silly ADD
178 silly ADD
179 silly ADD
180 silly ADD
181 silly ADD
182 silly ADD
183 silly ADD
184 silly ADD
185 silly ADD
186 verbose exit 0
187 info ok
