0 verbose cli C:\Program Files\nodejs\node.exe C:\Users\jjcha\AppData\Roaming\npm\node_modules\npm\bin\npm-cli.js
1 info using npm@10.7.0
2 info using node@v22.15.0
3 silly config:load:file:C:\Users\jjcha\AppData\Roaming\npm\node_modules\npm\npmrc
4 silly config:load:file:D:\fairproject\fair_app\.npmrc
5 silly config:load:file:C:\Users\jjcha\.npmrc
6 silly config:load:file:C:\Users\jjcha\AppData\Roaming\npm\etc\npmrc
7 verbose title npm install @capacitor/core @capacitor/cli
8 verbose argv "install" "@capacitor/core" "@capacitor/cli"
9 verbose logfile logs-max:10 dir:D:\fairproject\fair_app\.npm-cache\_logs\2025-10-11T15_51_32_485Z-
10 verbose logfile D:\fairproject\fair_app\.npm-cache\_logs\2025-10-11T15_51_32_485Z-debug-0.log
11 silly logfile start cleaning logs, removing 1 files
12 silly logfile done cleaning log files
13 silly idealTree buildDeps
14 silly fetch manifest @capacitor/core@*
15 http fetch GET 200 https://registry.npmjs.org/@capacitor%2fcore 946ms (cache miss)
16 silly fetch manifest @capacitor/cli@*
17 http fetch GET 200 https://registry.npmjs.org/@capacitor%2fcli 1330ms (cache miss)
18 silly placeDep ROOT @capacitor/cli@7.4.3 OK for: fair_app@0.1.0 want: *
19 silly placeDep ROOT @capacitor/core@7.4.3 OK for: fair_app@0.1.0 want: *
20 silly fetch manifest tar@^6.1.11
21 silly fetch manifest open@^8.4.0
22 silly fetch manifest kleur@^4.1.5
23 silly fetch manifest plist@^3.1.0
24 silly fetch manifest rimraf@^6.0.1
25 silly fetch manifest xml2js@^0.6.2
26 silly fetch manifest prompts@^2.4.2
27 silly fetch manifest fs-extra@^11.2.0
28 silly fetch manifest commander@^12.1.0
29 silly fetch manifest env-paths@^2.2.0
30 silly fetch manifest native-run@^2.0.1
31 silly fetch manifest @ionic/utils-terminal@^2.3.5
32 silly fetch manifest @ionic/utils-subprocess@^3.0.1
33 silly fetch manifest @ionic/cli-framework-output@^2.2.8
34 http fetch GET 200 https://registry.npmjs.org/tar 91ms (cache miss)
35 http fetch GET 200 https://registry.npmjs.org/rimraf 186ms (cache revalidated)
36 http fetch GET 200 https://registry.npmjs.org/kleur 189ms (cache miss)
37 http fetch GET 200 https://registry.npmjs.org/prompts 195ms (cache miss)
38 http fetch GET 200 https://registry.npmjs.org/plist 197ms (cache miss)
39 http fetch GET 200 https://registry.npmjs.org/commander 198ms (cache revalidated)
40 http fetch GET 200 https://registry.npmjs.org/fs-extra 207ms (cache revalidated)
41 http fetch GET 200 https://registry.npmjs.org/open 227ms (cache miss)
42 http fetch GET 200 https://registry.npmjs.org/xml2js 235ms (cache miss)
43 http fetch GET 200 https://registry.npmjs.org/env-paths 239ms (cache miss)
44 http fetch GET 200 https://registry.npmjs.org/native-run 618ms (cache miss)
45 http fetch GET 200 https://registry.npmjs.org/@ionic%2fcli-framework-output 1391ms (cache miss)
46 http fetch GET 200 https://registry.npmjs.org/@ionic%2futils-terminal 1430ms (cache miss)
47 http fetch GET 200 https://registry.npmjs.org/@ionic%2futils-subprocess 1473ms (cache miss)
48 silly placeDep ROOT @ionic/cli-framework-output@2.2.8 OK for: @capacitor/cli@7.4.3 want: ^2.2.8
49 silly placeDep ROOT @ionic/utils-subprocess@3.0.1 OK for: @capacitor/cli@7.4.3 want: ^3.0.1
50 silly placeDep ROOT @ionic/utils-terminal@2.3.5 OK for: @capacitor/cli@7.4.3 want: ^2.3.5
51 silly placeDep node_modules/@capacitor/cli commander@12.1.0 OK for: @capacitor/cli@7.4.3 want: ^12.1.0
52 silly placeDep ROOT env-paths@2.2.1 OK for: @capacitor/cli@7.4.3 want: ^2.2.0
53 silly placeDep node_modules/@capacitor/cli fs-extra@11.3.2 OK for: @capacitor/cli@7.4.3 want: ^11.2.0
54 silly placeDep ROOT kleur@4.1.5 OK for: @capacitor/cli@7.4.3 want: ^4.1.5
55 silly placeDep ROOT native-run@2.0.1 OK for: @capacitor/cli@7.4.3 want: ^2.0.1
56 silly placeDep ROOT open@8.4.2 OK for: @capacitor/cli@7.4.3 want: ^8.4.0
57 silly placeDep ROOT plist@3.1.0 OK for: @capacitor/cli@7.4.3 want: ^3.1.0
58 silly placeDep ROOT prompts@2.4.2 OK for: @capacitor/cli@7.4.3 want: ^2.4.2
59 silly placeDep node_modules/@capacitor/cli rimraf@6.0.1 OK for: @capacitor/cli@7.4.3 want: ^6.0.1
60 silly placeDep node_modules/@capacitor/cli tar@6.2.1 OK for: @capacitor/cli@7.4.3 want: ^6.1.11
61 silly placeDep ROOT xml2js@0.6.2 OK for: @capacitor/cli@7.4.3 want: ^0.6.2
62 silly fetch manifest @ionic/utils-terminal@2.3.5
63 silly fetch manifest @ionic/utils-array@2.1.6
64 silly fetch manifest @ionic/utils-fs@3.1.7
65 silly fetch manifest @ionic/utils-process@2.1.12
66 silly fetch manifest @ionic/utils-stream@3.1.7
67 silly fetch manifest cross-spawn@^7.0.3
68 silly fetch manifest @types/slice-ansi@^4.0.0
69 silly fetch manifest signal-exit@^3.0.3
70 silly fetch manifest slice-ansi@^4.0.0
71 silly fetch manifest string-width@^4.1.0
72 silly fetch manifest strip-ansi@^6.0.0
73 silly fetch manifest untildify@^4.0.0
74 silly fetch manifest wrap-ansi@^7.0.0
75 silly fetch manifest ini@^4.1.1
76 silly fetch manifest yauzl@^2.10.0
77 silly fetch manifest split2@^4.2.0
78 silly fetch manifest through2@^4.0.2
79 silly fetch manifest elementtree@^0.1.7
80 http fetch GET 200 https://registry.npmjs.org/wrap-ansi 64ms (cache miss)
81 silly fetch manifest bplist-parser@^0.3.2
82 http fetch GET 200 https://registry.npmjs.org/strip-ansi 73ms (cache miss)
83 silly fetch manifest @ionic/utils-fs@^3.1.7
84 http fetch GET 200 https://registry.npmjs.org/signal-exit 84ms (cache miss)
85 silly fetch manifest is-wsl@^2.2.0
86 http fetch GET 200 https://registry.npmjs.org/yauzl 84ms (cache miss)
87 silly fetch manifest is-docker@^2.1.1
88 http fetch GET 200 https://registry.npmjs.org/slice-ansi 89ms (cache miss)
89 silly fetch manifest define-lazy-prop@^2.0.0
90 http fetch GET 200 https://registry.npmjs.org/untildify 92ms (cache miss)
91 silly fetch manifest @xmldom/xmldom@^0.8.8
92 http fetch GET 200 https://registry.npmjs.org/string-width 94ms (cache miss)
93 silly fetch manifest base64-js@^1.5.1
94 http fetch GET 200 https://registry.npmjs.org/cross-spawn 96ms (cache miss)
95 silly fetch manifest xmlbuilder@^15.1.1
96 http fetch GET 200 https://registry.npmjs.org/through2 107ms (cache miss)
97 silly fetch manifest kleur@^3.0.3
98 silly fetch manifest sisteransi@^1.0.5
99 http fetch GET 200 https://registry.npmjs.org/split2 112ms (cache miss)
100 silly fetch manifest glob@^11.0.0
101 http fetch GET 200 https://registry.npmjs.org/bplist-parser 67ms (cache miss)
102 silly fetch manifest package-json-from-dist@^1.0.0
103 http fetch GET 200 https://registry.npmjs.org/define-lazy-prop 54ms (cache miss)
104 silly fetch manifest chownr@^2.0.0
105 http fetch GET 200 https://registry.npmjs.org/is-wsl 62ms (cache miss)
106 silly fetch manifest mkdirp@^1.0.3
107 http fetch GET 200 https://registry.npmjs.org/is-docker 63ms (cache miss)
108 silly fetch manifest yallist@^4.0.0
109 http fetch GET 200 https://registry.npmjs.org/base64-js 55ms (cache miss)
110 silly fetch manifest minipass@^5.0.0
111 http fetch GET 200 https://registry.npmjs.org/ini 159ms (cache miss)
112 silly fetch manifest minizlib@^2.1.1
113 http fetch GET 200 https://registry.npmjs.org/glob 77ms (cache revalidated)
114 silly fetch manifest fs-minipass@^2.0.0
115 http fetch GET 200 https://registry.npmjs.org/package-json-from-dist 62ms (cache miss)
116 silly fetch manifest sax@>=0.6.0
117 http fetch GET 200 https://registry.npmjs.org/sisteransi 87ms (cache miss)
118 silly fetch manifest xmlbuilder@~11.0.0
119 http fetch GET 200 https://registry.npmjs.org/xmlbuilder 140ms (cache miss)
120 http fetch GET 200 https://registry.npmjs.org/mkdirp 120ms (cache miss)
121 http fetch GET 200 https://registry.npmjs.org/chownr 125ms (cache miss)
122 http fetch GET 200 https://registry.npmjs.org/yallist 172ms (cache revalidated)
123 http fetch GET 200 https://registry.npmjs.org/minizlib 173ms (cache miss)
124 http fetch GET 200 https://registry.npmjs.org/fs-minipass 142ms (cache miss)
125 http fetch GET 200 https://registry.npmjs.org/minipass 232ms (cache miss)
126 http fetch GET 200 https://registry.npmjs.org/xmlbuilder 492ms (cache miss)
127 http fetch GET 200 https://registry.npmjs.org/@xmldom%2fxmldom 611ms (cache miss)
128 http fetch GET 200 https://registry.npmjs.org/elementtree 780ms (cache miss)
129 http fetch GET 200 https://registry.npmjs.org/sax 586ms (cache miss)
130 http fetch GET 200 https://registry.npmjs.org/@types%2fslice-ansi 1044ms (cache miss)
131 http fetch GET 200 https://registry.npmjs.org/@ionic%2futils-fs 1251ms (cache miss)
132 http fetch GET 200 https://registry.npmjs.org/@ionic%2futils-fs 1224ms (cache miss)
133 http fetch GET 200 https://registry.npmjs.org/@ionic%2futils-array 1306ms (cache miss)
134 http fetch GET 200 https://registry.npmjs.org/@ionic%2futils-process 1327ms (cache miss)
135 http fetch GET 200 https://registry.npmjs.org/@ionic%2futils-stream 1387ms (cache miss)
136 silly placeDep ROOT @ionic/utils-array@2.1.6 OK for: @ionic/utils-subprocess@3.0.1 want: 2.1.6
137 silly placeDep ROOT @ionic/utils-fs@3.1.7 OK for: @ionic/utils-subprocess@3.0.1 want: 3.1.7
138 silly placeDep ROOT @ionic/utils-process@2.1.12 OK for: @ionic/utils-subprocess@3.0.1 want: 2.1.12
139 silly placeDep ROOT @ionic/utils-stream@3.1.7 OK for: @ionic/utils-subprocess@3.0.1 want: 3.1.7
140 silly placeDep ROOT cross-spawn@7.0.6 OK for: @ionic/utils-subprocess@3.0.1 want: ^7.0.3
141 silly fetch manifest @types/fs-extra@^8.0.0
142 silly fetch manifest @ionic/utils-object@2.1.6
143 silly fetch manifest tree-kill@^1.2.2
144 silly fetch manifest which@^2.0.1
145 silly fetch manifest path-key@^3.1.0
146 silly fetch manifest shebang-command@^2.0.0
147 http fetch GET 200 https://registry.npmjs.org/path-key 54ms (cache miss)
148 http fetch GET 200 https://registry.npmjs.org/which 68ms (cache miss)
149 http fetch GET 200 https://registry.npmjs.org/tree-kill 71ms (cache miss)
150 http fetch GET 200 https://registry.npmjs.org/shebang-command 79ms (cache miss)
151 http fetch GET 200 https://registry.npmjs.org/@types%2ffs-extra 581ms (cache miss)
152 http fetch GET 200 https://registry.npmjs.org/@ionic%2futils-object 1292ms (cache miss)
153 silly placeDep ROOT @types/fs-extra@8.1.5 OK for: @ionic/utils-fs@3.1.7 want: ^8.0.0
154 silly placeDep ROOT @ionic/utils-object@2.1.6 OK for: @ionic/utils-process@2.1.12 want: 2.1.6
155 silly placeDep ROOT signal-exit@3.0.7 OK for: @ionic/utils-process@2.1.12 want: ^3.0.3
156 silly placeDep ROOT tree-kill@1.2.2 OK for: @ionic/utils-process@2.1.12 want: ^1.2.2
157 silly placeDep ROOT @types/slice-ansi@4.0.0 OK for: @ionic/utils-terminal@2.3.5 want: ^4.0.0
158 silly placeDep ROOT slice-ansi@4.0.0 OK for: @ionic/utils-terminal@2.3.5 want: ^4.0.0
159 silly placeDep ROOT string-width@4.2.3 OK for: @ionic/utils-terminal@2.3.5 want: ^4.1.0
160 silly placeDep ROOT strip-ansi@6.0.1 OK for: @ionic/utils-terminal@2.3.5 want: ^6.0.0
161 silly placeDep ROOT untildify@4.0.0 OK for: @ionic/utils-terminal@2.3.5 want: ^4.0.0
162 silly placeDep ROOT wrap-ansi@7.0.0 OK for: @ionic/utils-terminal@2.3.5 want: ^7.0.0
163 silly fetch manifest ansi-styles@^4.0.0
164 silly fetch manifest astral-regex@^2.0.0
165 silly fetch manifest is-fullwidth-code-point@^3.0.0
166 silly fetch manifest strip-ansi@^6.0.1
167 silly fetch manifest emoji-regex@^8.0.0
168 silly fetch manifest ansi-regex@^5.0.1
169 http fetch GET 200 https://registry.npmjs.org/is-fullwidth-code-point 74ms (cache miss)
170 http fetch GET 200 https://registry.npmjs.org/ansi-styles 77ms (cache miss)
171 http fetch GET 200 https://registry.npmjs.org/emoji-regex 79ms (cache miss)
172 http fetch GET 200 https://registry.npmjs.org/ansi-regex 79ms (cache miss)
173 http fetch GET 200 https://registry.npmjs.org/astral-regex 86ms (cache miss)
174 silly placeDep ROOT path-key@3.1.1 OK for: cross-spawn@7.0.6 want: ^3.1.0
175 silly placeDep ROOT shebang-command@2.0.0 OK for: cross-spawn@7.0.6 want: ^2.0.0
176 silly placeDep ROOT which@2.0.2 OK for: cross-spawn@7.0.6 want: ^2.0.1
177 silly fetch manifest shebang-regex@^3.0.0
178 silly fetch manifest isexe@^2.0.0
179 http fetch GET 200 https://registry.npmjs.org/isexe 52ms (cache miss)
180 http fetch GET 200 https://registry.npmjs.org/shebang-regex 72ms (cache miss)
181 silly placeDep ROOT bplist-parser@0.3.2 OK for: native-run@2.0.1 want: ^0.3.2
182 silly placeDep ROOT elementtree@0.1.7 OK for: native-run@2.0.1 want: ^0.1.7
183 silly placeDep ROOT ini@4.1.3 OK for: native-run@2.0.1 want: ^4.1.1
184 silly placeDep ROOT split2@4.2.0 OK for: native-run@2.0.1 want: ^4.2.0
185 silly placeDep ROOT through2@4.0.2 OK for: native-run@2.0.1 want: ^4.0.2
186 silly placeDep ROOT yauzl@2.10.0 OK for: native-run@2.0.1 want: ^2.10.0
187 silly fetch manifest big-integer@1.6.x
188 silly fetch manifest sax@1.1.4
189 silly fetch manifest readable-stream@3
190 silly fetch manifest fd-slicer@~1.1.0
191 silly fetch manifest buffer-crc32@~0.2.3
192 http fetch GET 200 https://registry.npmjs.org/readable-stream 62ms (cache miss)
193 http fetch GET 200 https://registry.npmjs.org/buffer-crc32 70ms (cache miss)
194 http fetch GET 200 https://registry.npmjs.org/big-integer 74ms (cache miss)
195 http fetch GET 200 https://registry.npmjs.org/fd-slicer 119ms (cache miss)
196 silly placeDep ROOT big-integer@1.6.52 OK for: bplist-parser@0.3.2 want: 1.6.x
197 silly placeDep ROOT sax@1.1.4 OK for: elementtree@0.1.7 want: 1.1.4
198 silly placeDep ROOT define-lazy-prop@2.0.0 OK for: open@8.4.2 want: ^2.0.0
199 silly placeDep ROOT is-docker@2.2.1 OK for: open@8.4.2 want: ^2.1.1
200 silly placeDep ROOT is-wsl@2.2.0 OK for: open@8.4.2 want: ^2.2.0
201 silly placeDep ROOT @xmldom/xmldom@0.8.11 OK for: plist@3.1.0 want: ^0.8.8
202 silly placeDep ROOT base64-js@1.5.1 OK for: plist@3.1.0 want: ^1.5.1
203 silly placeDep ROOT xmlbuilder@15.1.1 OK for: plist@3.1.0 want: ^15.1.1
204 silly placeDep node_modules/prompts kleur@3.0.3 OK for: prompts@2.4.2 want: ^3.0.3
205 silly placeDep ROOT sisteransi@1.0.5 OK for: prompts@2.4.2 want: ^1.0.5
206 silly placeDep ROOT shebang-regex@3.0.0 OK for: shebang-command@2.0.0 want: ^3.0.0
207 silly placeDep ROOT ansi-styles@4.3.0 OK for: slice-ansi@4.0.0 want: ^4.0.0
208 silly placeDep ROOT astral-regex@2.0.0 OK for: slice-ansi@4.0.0 want: ^2.0.0
209 silly placeDep ROOT is-fullwidth-code-point@3.0.0 OK for: slice-ansi@4.0.0 want: ^3.0.0
210 silly fetch manifest color-convert@^2.0.1
211 http fetch GET 200 https://registry.npmjs.org/color-convert 62ms (cache miss)
212 silly placeDep ROOT color-convert@2.0.1 OK for: ansi-styles@4.3.0 want: ^2.0.1
213 silly fetch manifest color-name@~1.1.4
214 http fetch GET 200 https://registry.npmjs.org/color-name 45ms (cache miss)
215 silly placeDep ROOT color-name@1.1.4 OK for: color-convert@2.0.1 want: ~1.1.4
216 silly placeDep ROOT emoji-regex@8.0.0 OK for: string-width@4.2.3 want: ^8.0.0
217 silly placeDep ROOT ansi-regex@5.0.1 OK for: strip-ansi@6.0.1 want: ^5.0.1
218 silly placeDep ROOT readable-stream@3.6.2 OK for: through2@4.0.2 want: 3
219 silly fetch manifest string_decoder@^1.1.1
220 silly fetch manifest util-deprecate@^1.0.1
221 http fetch GET 200 https://registry.npmjs.org/util-deprecate 43ms (cache miss)
222 http fetch GET 200 https://registry.npmjs.org/string_decoder 52ms (cache miss)
223 silly placeDep ROOT string_decoder@1.3.0 OK for: readable-stream@3.6.2 want: ^1.1.1
224 silly placeDep ROOT util-deprecate@1.0.2 OK for: readable-stream@3.6.2 want: ^1.0.1
225 silly placeDep ROOT isexe@2.0.0 OK for: which@2.0.2 want: ^2.0.0
226 silly placeDep node_modules/xml2js xmlbuilder@11.0.1 OK for: xml2js@0.6.2 want: ~11.0.0
227 silly placeDep ROOT buffer-crc32@0.2.13 OK for: yauzl@2.10.0 want: ~0.2.3
228 silly placeDep ROOT fd-slicer@1.1.0 OK for: yauzl@2.10.0 want: ~1.1.0
229 silly fetch manifest pend@~1.2.0
230 http fetch GET 200 https://registry.npmjs.org/pend 52ms (cache miss)
231 silly placeDep ROOT pend@1.2.0 OK for: fd-slicer@1.1.0 want: ~1.2.0
232 silly placeDep node_modules/@capacitor/cli glob@11.0.3 OK for: rimraf@6.0.1 want: ^11.0.0
233 silly placeDep ROOT package-json-from-dist@1.0.1 OK for: rimraf@6.0.1 want: ^1.0.0
234 silly fetch manifest foreground-child@^3.3.1
235 silly fetch manifest jackspeak@^4.1.1
236 silly fetch manifest path-scurry@^2.0.0
237 http fetch GET 200 https://registry.npmjs.org/path-scurry 50ms (cache miss)
238 http fetch GET 200 https://registry.npmjs.org/jackspeak 60ms (cache miss)
239 http fetch GET 200 https://registry.npmjs.org/foreground-child 86ms (cache miss)
240 silly placeDep ROOT foreground-child@3.3.1 OK for: glob@11.0.3 want: ^3.3.1
241 silly placeDep ROOT jackspeak@4.1.1 OK for: glob@11.0.3 want: ^4.1.1
242 silly placeDep ROOT path-scurry@2.0.0 OK for: glob@11.0.3 want: ^2.0.0
243 silly fetch manifest signal-exit@^4.0.1
244 silly fetch manifest @isaacs/cliui@^8.0.2
245 silly fetch manifest lru-cache@^11.0.0
246 http fetch GET 200 https://registry.npmjs.org/lru-cache 52ms (cache revalidated)
247 http fetch GET 200 https://registry.npmjs.org/@isaacs%2fcliui 70ms (cache miss)
248 silly placeDep node_modules/foreground-child signal-exit@4.1.0 OK for: foreground-child@3.3.1 want: ^4.0.1
249 silly placeDep ROOT @isaacs/cliui@8.0.2 OK for: jackspeak@4.1.1 want: ^8.0.2
250 silly fetch manifest string-width@^5.1.2
251 silly fetch manifest string-width-cjs@npm:string-width@^4.2.0
252 silly fetch manifest strip-ansi@^7.0.1
253 silly fetch manifest strip-ansi-cjs@npm:strip-ansi@^6.0.1
254 silly fetch manifest wrap-ansi@^8.1.0
255 silly fetch manifest wrap-ansi-cjs@npm:wrap-ansi@^7.0.0
256 silly placeDep node_modules/@isaacs/cliui string-width@5.1.2 OK for: @isaacs/cliui@8.0.2 want: ^5.1.2
257 silly placeDep ROOT string-width-cjs@4.2.3 OK for: @isaacs/cliui@8.0.2 want: npm:string-width@^4.2.0
258 silly placeDep node_modules/@isaacs/cliui strip-ansi@7.1.2 OK for: @isaacs/cliui@8.0.2 want: ^7.0.1
259 silly placeDep ROOT strip-ansi-cjs@6.0.1 OK for: @isaacs/cliui@8.0.2 want: npm:strip-ansi@^6.0.1
260 silly placeDep node_modules/@isaacs/cliui wrap-ansi@8.1.0 OK for: @isaacs/cliui@8.0.2 want: ^8.1.0
261 silly placeDep ROOT wrap-ansi-cjs@7.0.0 OK for: @isaacs/cliui@8.0.2 want: npm:wrap-ansi@^7.0.0
262 silly fetch manifest emoji-regex@^9.2.2
263 silly fetch manifest eastasianwidth@^0.2.0
264 silly fetch manifest ansi-regex@^6.0.1
265 silly fetch manifest ansi-styles@^6.1.0
266 http fetch GET 200 https://registry.npmjs.org/eastasianwidth 59ms (cache miss)
267 silly placeDep node_modules/path-scurry lru-cache@11.2.2 OK for: path-scurry@2.0.0 want: ^11.0.0
268 silly placeDep node_modules/@capacitor/cli chownr@2.0.0 OK for: tar@6.2.1 want: ^2.0.0
269 silly placeDep ROOT fs-minipass@2.1.0 OK for: tar@6.2.1 want: ^2.0.0
270 silly placeDep node_modules/@capacitor/cli/node_modules/tar minipass@5.0.0 OK for: tar@6.2.1 want: ^5.0.0
271 silly placeDep node_modules/@capacitor/cli minizlib@2.1.2 OK for: tar@6.2.1 want: ^2.1.1
272 silly placeDep ROOT mkdirp@1.0.4 OK for: tar@6.2.1 want: ^1.0.3
273 silly placeDep node_modules/@capacitor/cli yallist@4.0.0 OK for: tar@6.2.1 want: ^4.0.0
274 silly fetch manifest minipass@^3.0.0
275 silly placeDep node_modules/fs-minipass minipass@3.3.6 OK for: fs-minipass@2.1.0 want: ^3.0.0
276 silly placeDep node_modules/@capacitor/cli/node_modules/minizlib minipass@3.3.6 OK for: minizlib@2.1.2 want: ^3.0.0
277 silly placeDep ROOT eastasianwidth@0.2.0 OK for: string-width@5.1.2 want: ^0.2.0
278 silly placeDep node_modules/@isaacs/cliui emoji-regex@9.2.2 OK for: string-width@5.1.2 want: ^9.2.2
279 silly placeDep node_modules/@isaacs/cliui ansi-regex@6.2.2 OK for: strip-ansi@7.1.2 want: ^6.0.1
280 silly placeDep node_modules/@isaacs/cliui ansi-styles@6.2.3 OK for: wrap-ansi@8.1.0 want: ^6.1.0
281 silly placeDep node_modules/fs-minipass yallist@4.0.0 OK for: minipass@3.3.6 want: ^4.0.0
282 silly reify moves {}
283 verbose reify failed optional dependency D:\fairproject\fair_app\node_modules\@tailwindcss\oxide-wasm32-wasi
284 silly reify mark deleted [
284 silly reify   'D:\\fairproject\\fair_app\\node_modules\\@tailwindcss\\oxide-wasm32-wasi'
284 silly reify ]
285 silly audit bulk request {
285 silly audit   '@alloc/quick-lru': [ '5.2.0' ],
285 silly audit   '@babel/code-frame': [ '7.27.1' ],
285 silly audit   '@babel/compat-data': [ '7.28.4' ],
285 silly audit   '@babel/core': [ '7.28.4' ],
285 silly audit   semver: [ '6.3.1', '7.7.3' ],
285 silly audit   '@babel/generator': [ '7.28.3' ],
285 silly audit   '@babel/helper-annotate-as-pure': [ '7.27.3' ],
285 silly audit   '@babel/helper-compilation-targets': [ '7.27.2' ],
285 silly audit   '@babel/helper-create-class-features-plugin': [ '7.28.3' ],
285 silly audit   '@babel/helper-create-regexp-features-plugin': [ '7.27.1' ],
285 silly audit   '@babel/helper-define-polyfill-provider': [ '0.6.5' ],
285 silly audit   '@babel/helper-globals': [ '7.28.0' ],
285 silly audit   '@babel/helper-member-expression-to-functions': [ '7.27.1' ],
285 silly audit   '@babel/helper-module-imports': [ '7.27.1' ],
285 silly audit   '@babel/helper-module-transforms': [ '7.28.3' ],
285 silly audit   '@babel/helper-optimise-call-expression': [ '7.27.1' ],
285 silly audit   '@babel/helper-plugin-utils': [ '7.27.1' ],
285 silly audit   '@babel/helper-remap-async-to-generator': [ '7.27.1' ],
285 silly audit   '@babel/helper-replace-supers': [ '7.27.1' ],
285 silly audit   '@babel/helper-skip-transparent-expression-wrappers': [ '7.27.1' ],
285 silly audit   '@babel/helper-string-parser': [ '7.27.1' ],
285 silly audit   '@babel/helper-validator-identifier': [ '7.27.1' ],
285 silly audit   '@babel/helper-validator-option': [ '7.27.1' ],
285 silly audit   '@babel/helper-wrap-function': [ '7.28.3' ],
285 silly audit   '@babel/helpers': [ '7.28.4' ],
285 silly audit   '@babel/parser': [ '7.28.4' ],
285 silly audit   '@babel/plugin-bugfix-firefox-class-in-computed-class-key': [ '7.27.1' ],
285 silly audit   '@babel/plugin-bugfix-safari-class-field-initializer-scope': [ '7.27.1' ],
285 silly audit   '@babel/plugin-bugfix-safari-id-destructuring-collision-in-function-expression': [ '7.27.1' ],
285 silly audit   '@babel/plugin-bugfix-v8-spread-parameters-in-optional-chaining': [ '7.27.1' ],
285 silly audit   '@babel/plugin-bugfix-v8-static-class-fields-redefine-readonly': [ '7.28.3' ],
285 silly audit   '@babel/plugin-proposal-private-property-in-object': [ '7.21.0-placeholder-for-preset-env.2' ],
285 silly audit   '@babel/plugin-syntax-import-assertions': [ '7.27.1' ],
285 silly audit   '@babel/plugin-syntax-import-attributes': [ '7.27.1' ],
285 silly audit   '@babel/plugin-syntax-unicode-sets-regex': [ '7.18.6' ],
285 silly audit   '@babel/plugin-transform-arrow-functions': [ '7.27.1' ],
285 silly audit   '@babel/plugin-transform-async-generator-functions': [ '7.28.0' ],
285 silly audit   '@babel/plugin-transform-async-to-generator': [ '7.27.1' ],
285 silly audit   '@babel/plugin-transform-block-scoped-functions': [ '7.27.1' ],
285 silly audit   '@babel/plugin-transform-block-scoping': [ '7.28.4' ],
285 silly audit   '@babel/plugin-transform-class-properties': [ '7.27.1' ],
285 silly audit   '@babel/plugin-transform-class-static-block': [ '7.28.3' ],
285 silly audit   '@babel/plugin-transform-classes': [ '7.28.4' ],
285 silly audit   '@babel/plugin-transform-computed-properties': [ '7.27.1' ],
285 silly audit   '@babel/plugin-transform-destructuring': [ '7.28.0' ],
285 silly audit   '@babel/plugin-transform-dotall-regex': [ '7.27.1' ],
285 silly audit   '@babel/plugin-transform-duplicate-keys': [ '7.27.1' ],
285 silly audit   '@babel/plugin-transform-duplicate-named-capturing-groups-regex': [ '7.27.1' ],
285 silly audit   '@babel/plugin-transform-dynamic-import': [ '7.27.1' ],
285 silly audit   '@babel/plugin-transform-explicit-resource-management': [ '7.28.0' ],
285 silly audit   '@babel/plugin-transform-exponentiation-operator': [ '7.27.1' ],
285 silly audit   '@babel/plugin-transform-export-namespace-from': [ '7.27.1' ],
285 silly audit   '@babel/plugin-transform-for-of': [ '7.27.1' ],
285 silly audit   '@babel/plugin-transform-function-name': [ '7.27.1' ],
285 silly audit   '@babel/plugin-transform-json-strings': [ '7.27.1' ],
285 silly audit   '@babel/plugin-transform-literals': [ '7.27.1' ],
285 silly audit   '@babel/plugin-transform-logical-assignment-operators': [ '7.27.1' ],
285 silly audit   '@babel/plugin-transform-member-expression-literals': [ '7.27.1' ],
285 silly audit   '@babel/plugin-transform-modules-amd': [ '7.27.1' ],
285 silly audit   '@babel/plugin-transform-modules-commonjs': [ '7.27.1' ],
285 silly audit   '@babel/plugin-transform-modules-systemjs': [ '7.27.1' ],
285 silly audit   '@babel/plugin-transform-modules-umd': [ '7.27.1' ],
285 silly audit   '@babel/plugin-transform-named-capturing-groups-regex': [ '7.27.1' ],
285 silly audit   '@babel/plugin-transform-new-target': [ '7.27.1' ],
285 silly audit   '@babel/plugin-transform-nullish-coalescing-operator': [ '7.27.1' ],
285 silly audit   '@babel/plugin-transform-numeric-separator': [ '7.27.1' ],
285 silly audit   '@babel/plugin-transform-object-rest-spread': [ '7.28.4' ],
285 silly audit   '@babel/plugin-transform-object-super': [ '7.27.1' ],
285 silly audit   '@babel/plugin-transform-optional-catch-binding': [ '7.27.1' ],
285 silly audit   '@babel/plugin-transform-optional-chaining': [ '7.27.1' ],
285 silly audit   '@babel/plugin-transform-parameters': [ '7.27.7' ],
285 silly audit   '@babel/plugin-transform-private-methods': [ '7.27.1' ],
285 silly audit   '@babel/plugin-transform-private-property-in-object': [ '7.27.1' ],
285 silly audit   '@babel/plugin-transform-property-literals': [ '7.27.1' ],
285 silly audit   '@babel/plugin-transform-regenerator': [ '7.28.4' ],
285 silly audit   '@babel/plugin-transform-regexp-modifiers': [ '7.27.1' ],
285 silly audit   '@babel/plugin-transform-reserved-words': [ '7.27.1' ],
285 silly audit   '@babel/plugin-transform-shorthand-properties': [ '7.27.1' ],
285 silly audit   '@babel/plugin-transform-spread': [ '7.27.1' ],
285 silly audit   '@babel/plugin-transform-sticky-regex': [ '7.27.1' ],
285 silly audit   '@babel/plugin-transform-template-literals': [ '7.27.1' ],
285 silly audit   '@babel/plugin-transform-typeof-symbol': [ '7.27.1' ],
285 silly audit   '@babel/plugin-transform-unicode-escapes': [ '7.27.1' ],
285 silly audit   '@babel/plugin-transform-unicode-property-regex': [ '7.27.1' ],
285 silly audit   '@babel/plugin-transform-unicode-regex': [ '7.27.1' ],
285 silly audit   '@babel/plugin-transform-unicode-sets-regex': [ '7.27.1' ],
285 silly audit   '@babel/preset-env': [ '7.28.3' ],
285 silly audit   '@babel/preset-modules': [ '0.1.6-no-external-plugins' ],
285 silly audit   '@babel/runtime': [ '7.28.4' ],
285 silly audit   '@babel/template': [ '7.27.2' ],
285 silly audit   '@babel/traverse': [ '7.28.4' ],
285 silly audit   '@babel/types': [ '7.28.4' ],
285 silly audit   '@emnapi/runtime': [ '1.5.0' ],
285 silly audit   '@img/colour': [ '1.0.0' ],
285 silly audit   '@img/sharp-darwin-arm64': [ '0.34.4' ],
285 silly audit   '@img/sharp-darwin-x64': [ '0.34.4' ],
285 silly audit   '@img/sharp-libvips-darwin-arm64': [ '1.2.3' ],
285 silly audit   '@img/sharp-libvips-darwin-x64': [ '1.2.3' ],
285 silly audit   '@img/sharp-libvips-linux-arm': [ '1.2.3' ],
285 silly audit   '@img/sharp-libvips-linux-arm64': [ '1.2.3' ],
285 silly audit   '@img/sharp-libvips-linux-ppc64': [ '1.2.3' ],
285 silly audit   '@img/sharp-libvips-linux-s390x': [ '1.2.3' ],
285 silly audit   '@img/sharp-libvips-linux-x64': [ '1.2.3' ],
285 silly audit   '@img/sharp-libvips-linuxmusl-arm64': [ '1.2.3' ],
285 silly audit   '@img/sharp-libvips-linuxmusl-x64': [ '1.2.3' ],
285 silly audit   '@img/sharp-linux-arm': [ '0.34.4' ],
285 silly audit   '@img/sharp-linux-arm64': [ '0.34.4' ],
285 silly audit   '@img/sharp-linux-ppc64': [ '0.34.4' ],
285 silly audit   '@img/sharp-linux-s390x': [ '0.34.4' ],
285 silly audit   '@img/sharp-linux-x64': [ '0.34.4' ],
285 silly audit   '@img/sharp-linuxmusl-arm64': [ '0.34.4' ],
285 silly audit   '@img/sharp-linuxmusl-x64': [ '0.34.4' ],
285 silly audit   '@img/sharp-wasm32': [ '0.34.4' ],
285 silly audit   '@img/sharp-win32-arm64': [ '0.34.4' ],
285 silly audit   '@img/sharp-win32-ia32': [ '0.34.4' ],
285 silly audit   '@img/sharp-win32-x64': [ '0.34.4' ],
285 silly audit   '@isaacs/balanced-match': [ '4.0.1' ],
285 silly audit   '@isaacs/brace-expansion': [ '5.0.0' ],
285 silly audit   '@isaacs/fs-minipass': [ '4.0.1' ],
285 silly audit   '@jridgewell/gen-mapping': [ '0.3.13' ],
285 silly audit   '@jridgewell/remapping': [ '2.3.5' ],
285 silly audit   '@jridgewell/resolve-uri': [ '3.1.2' ],
285 silly audit   '@jridgewell/source-map': [ '0.3.11' ],
285 silly audit   '@jridgewell/sourcemap-codec': [ '1.5.5' ],
285 silly audit   '@jridgewell/trace-mapping': [ '0.3.31' ],
285 silly audit   '@next/env': [ '15.5.4' ],
285 silly audit   '@next/swc-darwin-arm64': [ '15.5.4' ],
285 silly audit   '@next/swc-darwin-x64': [ '15.5.4' ],
285 silly audit   '@next/swc-linux-arm64-gnu': [ '15.5.4' ],
285 silly audit   '@next/swc-linux-arm64-musl': [ '15.5.4' ],
285 silly audit   '@next/swc-linux-x64-gnu': [ '15.5.4' ],
285 silly audit   '@next/swc-linux-x64-musl': [ '15.5.4' ],
285 silly audit   '@next/swc-win32-arm64-msvc': [ '15.5.4' ],
285 silly audit   '@next/swc-win32-x64-msvc': [ '15.5.4' ],
285 silly audit   '@nodelib/fs.scandir': [ '2.1.5' ],
285 silly audit   '@nodelib/fs.stat': [ '2.0.5' ],
285 silly audit   '@nodelib/fs.walk': [ '1.2.8' ],
285 silly audit   '@rollup/plugin-babel': [ '5.3.1' ],
285 silly audit   '@rollup/plugin-node-resolve': [ '11.2.1' ],
285 silly audit   '@rollup/plugin-replace': [ '2.4.2' ],
285 silly audit   'magic-string': [ '0.25.9', '0.30.19' ],
285 silly audit   '@rollup/pluginutils': [ '3.1.0' ],
285 silly audit   '@types/estree': [ '0.0.39', '1.0.8' ],
285 silly audit   '@surma/rollup-plugin-off-main-thread': [ '2.2.3' ],
285 silly audit   '@swc/helpers': [ '0.5.15' ],
285 silly audit   '@tailwindcss/node': [ '4.1.14' ],
285 silly audit   '@tailwindcss/oxide': [ '4.1.14' ],
285 silly audit   '@tailwindcss/oxide-android-arm64': [ '4.1.14' ],
285 silly audit   '@tailwindcss/oxide-darwin-arm64': [ '4.1.14' ],
285 silly audit   '@tailwindcss/oxide-darwin-x64': [ '4.1.14' ],
285 silly audit   '@tailwindcss/oxide-freebsd-x64': [ '4.1.14' ],
285 silly audit   '@tailwindcss/oxide-linux-arm-gnueabihf': [ '4.1.14' ],
285 silly audit   '@tailwindcss/oxide-linux-arm64-gnu': [ '4.1.14' ],
285 silly audit   '@tailwindcss/oxide-linux-arm64-musl': [ '4.1.14' ],
285 silly audit   '@tailwindcss/oxide-linux-x64-gnu': [ '4.1.14' ],
285 silly audit   '@tailwindcss/oxide-linux-x64-musl': [ '4.1.14' ],
285 silly audit   '@tailwindcss/oxide-win32-arm64-msvc': [ '4.1.14' ],
285 silly audit   '@tailwindcss/oxide-win32-x64-msvc': [ '4.1.14' ],
285 silly audit   '@tailwindcss/postcss': [ '4.1.14' ],
285 silly audit   '@types/eslint': [ '9.6.1' ],
285 silly audit   '@types/eslint-scope': [ '3.7.7' ],
285 silly audit   '@types/glob': [ '7.2.0' ],
285 silly audit   '@types/json-schema': [ '7.0.15' ],
285 silly audit   '@types/minimatch': [ '6.0.0' ],
285 silly audit   '@types/node': [ '20.19.19' ],
285 silly audit   '@types/react': [ '19.2.2' ],
285 silly audit   '@types/react-dom': [ '19.2.1' ],
285 silly audit   '@types/resolve': [ '1.17.1' ],
285 silly audit   '@types/trusted-types': [ '2.0.7' ],
285 silly audit   '@webassemblyjs/ast': [ '1.14.1' ],
285 silly audit   '@webassemblyjs/floating-point-hex-parser': [ '1.13.2' ],
285 silly audit   '@webassemblyjs/helper-api-error': [ '1.13.2' ],
285 silly audit   '@webassemblyjs/helper-buffer': [ '1.14.1' ],
285 silly audit   '@webassemblyjs/helper-numbers': [ '1.13.2' ],
285 silly audit   '@webassemblyjs/helper-wasm-bytecode': [ '1.13.2' ],
285 silly audit   '@webassemblyjs/helper-wasm-section': [ '1.14.1' ],
285 silly audit   '@webassemblyjs/ieee754': [ '1.13.2' ],
285 silly audit   '@webassemblyjs/leb128': [ '1.13.2' ],
285 silly audit   '@webassemblyjs/utf8': [ '1.13.2' ],
285 silly audit   '@webassemblyjs/wasm-edit': [ '1.14.1' ],
285 silly audit   '@webassemblyjs/wasm-gen': [ '1.14.1' ],
285 silly audit   '@webassemblyjs/wasm-opt': [ '1.14.1' ],
285 silly audit   '@webassemblyjs/wasm-parser': [ '1.14.1' ],
285 silly audit   '@webassemblyjs/wast-printer': [ '1.14.1' ],
285 silly audit   '@xtuc/ieee754': [ '1.2.0' ],
285 silly audit   '@xtuc/long': [ '4.2.2' ],
285 silly audit   acorn: [ '8.15.0' ],
285 silly audit   'acorn-import-phases': [ '1.0.4' ],
285 silly audit   ajv: [ '6.12.6', '8.17.1' ],
285 silly audit   'ajv-formats': [ '2.1.1' ],
285 silly audit   'json-schema-traverse': [ '1.0.0', '0.4.1' ],
285 silly audit   'ajv-keywords': [ '3.5.2', '5.1.0' ],
285 silly audit   'array-buffer-byte-length': [ '1.0.2' ],
285 silly audit   'array-union': [ '2.1.0', '1.0.2' ],
285 silly audit   'array-uniq': [ '1.0.3' ],
285 silly audit   'arraybuffer.prototype.slice': [ '1.0.4' ],
285 silly audit   async: [ '3.2.6' ],
285 silly audit   'async-function': [ '1.0.0' ],
285 silly audit   'at-least-node': [ '1.0.0' ],
285 silly audit   'available-typed-arrays': [ '1.0.7' ],
285 silly audit   'babel-loader': [ '8.4.1' ],
285 silly audit   'babel-plugin-polyfill-corejs2': [ '0.4.14' ],
285 silly audit   'babel-plugin-polyfill-corejs3': [ '0.13.0' ],
285 silly audit   'babel-plugin-polyfill-regenerator': [ '0.6.5' ],
285 silly audit   'balanced-match': [ '1.0.2' ],
285 silly audit   'baseline-browser-mapping': [ '2.8.16' ],
285 silly audit   'big.js': [ '5.2.2' ],
285 silly audit   'brace-expansion': [ '2.0.2', '1.1.12' ],
285 silly audit   braces: [ '3.0.3' ],
285 silly audit   browserslist: [ '4.26.3' ],
285 silly audit   'buffer-from': [ '1.1.2' ],
285 silly audit   'builtin-modules': [ '3.3.0' ],
285 silly audit   'call-bind': [ '1.0.8' ],
285 silly audit   'call-bind-apply-helpers': [ '1.0.2' ],
285 silly audit   'call-bound': [ '1.0.4' ],
285 silly audit   'caniuse-lite': [ '1.0.30001749' ],
285 silly audit   chownr: [ '3.0.0', '2.0.0' ],
285 silly audit   'chrome-trace-event': [ '1.0.4' ],
285 silly audit   'clean-webpack-plugin': [ '4.0.0' ],
285 silly audit   'client-only': [ '0.0.1' ],
285 silly audit   commander: [ '2.20.3', '12.1.0' ],
285 silly audit   'common-tags': [ '1.8.2' ],
285 silly audit   commondir: [ '1.0.1' ],
285 silly audit   'concat-map': [ '0.0.1' ],
285 silly audit   'convert-source-map': [ '2.0.0' ],
285 silly audit   'core-js-compat': [ '3.46.0' ],
285 silly audit   'crypto-random-string': [ '2.0.0' ],
285 silly audit   csstype: [ '3.1.3' ],
285 silly audit   'data-view-buffer': [ '1.0.2' ],
285 silly audit   'data-view-byte-length': [ '1.0.2' ],
285 silly audit   'data-view-byte-offset': [ '1.0.1' ],
285 silly audit   debug: [ '4.4.3' ],
285 silly audit   deepmerge: [ '4.3.1' ],
285 silly audit   'define-data-property': [ '1.1.4' ],
285 silly audit   'define-properties': [ '1.2.1' ],
285 silly audit   del: [ '4.1.1' ],
285 silly audit   globby: [ '6.1.0', '11.1.0' ],
285 silly audit   pify: [ '2.3.0', '4.0.1' ],
285 silly audit   'detect-libc': [ '2.1.2' ],
285 silly audit   'dir-glob': [ '3.0.1' ],
285 silly audit   'dunder-proto': [ '1.0.1' ],
285 silly audit   ejs: [ '3.1.10' ],
285 silly audit   'electron-to-chromium': [ '1.5.234' ],
285 silly audit   'emojis-list': [ '3.0.0' ],
285 silly audit   'enhanced-resolve': [ '5.18.3' ],
285 silly audit   'es-abstract': [ '1.24.0' ],
285 silly audit   'es-define-property': [ '1.0.1' ],
285 silly audit   'es-errors': [ '1.3.0' ],
285 silly audit   'es-module-lexer': [ '1.7.0' ],
285 silly audit   'es-object-atoms': [ '1.1.1' ],
285 silly audit   'es-set-tostringtag': [ '2.1.0' ],
285 silly audit   'es-to-primitive': [ '1.3.0' ],
285 silly audit   escalade: [ '3.2.0' ],
285 silly audit   'eslint-scope': [ '5.1.1' ],
285 silly audit   esrecurse: [ '4.3.0' ],
285 silly audit   estraverse: [ '5.3.0', '4.3.0' ],
285 silly audit   'estree-walker': [ '1.0.1' ],
285 silly audit   esutils: [ '2.0.3' ],
285 silly audit   events: [ '3.3.0' ],
285 silly audit   'fast-deep-equal': [ '3.1.3' ],
285 silly audit   'fast-glob': [ '3.3.3' ],
285 silly audit   'fast-json-stable-stringify': [ '2.1.0' ],
285 silly audit   'fast-uri': [ '3.1.0' ],
285 silly audit   fastq: [ '1.19.1' ],
285 silly audit   filelist: [ '1.0.4' ],
285 silly audit   minimatch: [ '5.1.6', '3.1.2', '10.0.3' ],
285 silly audit   'fill-range': [ '7.1.1' ],
285 silly audit   'find-cache-dir': [ '3.3.2' ],
285 silly audit   'find-up': [ '4.1.0' ],
285 silly audit   'for-each': [ '0.3.5' ],
285 silly audit   'framer-motion': [ '12.23.24' ],
285 silly audit   'fs-extra': [ '9.1.0', '11.3.2' ],
285 silly audit   'fs.realpath': [ '1.0.0' ],
285 silly audit   fsevents: [ '2.3.3' ],
285 silly audit   'function-bind': [ '1.1.2' ],
285 silly audit   'function.prototype.name': [ '1.1.8' ],
285 silly audit   'functions-have-names': [ '1.2.3' ],
285 silly audit   'generator-function': [ '2.0.1' ],
285 silly audit   gensync: [ '1.0.0-beta.2' ],
285 silly audit   'get-intrinsic': [ '1.3.0' ],
285 silly audit   'get-own-enumerable-property-symbols': [ '3.0.2' ],
285 silly audit   'get-proto': [ '1.0.1' ],
285 silly audit   'get-symbol-description': [ '1.1.0' ],
285 silly audit   glob: [ '7.2.3', '11.0.3' ],
285 silly audit   'glob-parent': [ '5.1.2' ],
285 silly audit   'glob-to-regexp': [ '0.4.1' ],
285 silly audit   globalthis: [ '1.0.4' ],
285 silly audit   gopd: [ '1.2.0' ],
285 silly audit   'graceful-fs': [ '4.2.11' ],
285 silly audit   'has-bigints': [ '1.1.0' ],
285 silly audit   'has-flag': [ '4.0.0' ],
285 silly audit   'has-property-descriptors': [ '1.0.2' ],
285 silly audit   'has-proto': [ '1.2.0' ],
285 silly audit   'has-symbols': [ '1.1.0' ],
285 silly audit   'has-tostringtag': [ '1.0.2' ],
285 silly audit   hasown: [ '2.0.2' ],
285 silly audit   idb: [ '7.1.1' ],
285 silly audit   ignore: [ '5.3.2' ],
285 silly audit   inflight: [ '1.0.6' ],
285 silly audit   inherits: [ '2.0.4' ],
285 silly audit   'internal-slot': [ '1.1.0' ],
285 silly audit   'is-array-buffer': [ '3.0.5' ],
285 silly audit   'is-async-function': [ '2.1.1' ],
285 silly audit   'is-bigint': [ '1.1.0' ],
285 silly audit   'is-boolean-object': [ '1.2.2' ],
285 silly audit   'is-callable': [ '1.2.7' ],
285 silly audit   'is-core-module': [ '2.16.1' ],
285 silly audit   'is-data-view': [ '1.0.2' ],
285 silly audit   'is-date-object': [ '1.1.0' ],
285 silly audit   'is-extglob': [ '2.1.1' ],
285 silly audit   'is-finalizationregistry': [ '1.1.1' ],
285 silly audit   'is-generator-function': [ '1.1.2' ],
285 silly audit   'is-glob': [ '4.0.3' ],
285 silly audit   'is-map': [ '2.0.3' ],
285 silly audit   'is-module': [ '1.0.0' ],
285 silly audit   'is-negative-zero': [ '2.0.3' ],
285 silly audit   'is-number': [ '7.0.0' ],
285 silly audit   'is-number-object': [ '1.1.1' ],
285 silly audit   'is-obj': [ '1.0.1' ],
285 silly audit   'is-path-cwd': [ '2.2.0' ],
285 silly audit   'is-path-in-cwd': [ '2.1.0' ],
285 silly audit   'is-path-inside': [ '2.1.0' ],
285 silly audit   'is-regex': [ '1.2.1' ],
285 silly audit   'is-regexp': [ '1.0.0' ],
285 silly audit   'is-set': [ '2.0.3' ],
285 silly audit   'is-shared-array-buffer': [ '1.0.4' ],
285 silly audit   'is-stream': [ '2.0.1' ],
285 silly audit   'is-string': [ '1.1.1' ],
285 silly audit   'is-symbol': [ '1.1.1' ],
285 silly audit   'is-typed-array': [ '1.1.15' ],
285 silly audit   'is-weakmap': [ '2.0.2' ],
285 silly audit   'is-weakref': [ '1.1.1' ],
285 silly audit   'is-weakset': [ '2.0.4' ],
285 silly audit   isarray: [ '2.0.5' ],
285 silly audit   jake: [ '10.9.4' ],
285 silly audit   'jest-worker': [ '27.5.1', '26.6.2' ],
285 silly audit   jiti: [ '2.6.1' ],
285 silly audit   'js-tokens': [ '4.0.0' ],
285 silly audit   jsesc: [ '3.1.0' ],
285 silly audit   'json-parse-even-better-errors': [ '2.3.1' ],
285 silly audit   'json-schema': [ '0.4.0' ],
285 silly audit   json5: [ '2.2.3' ],
285 silly audit   jsonfile: [ '6.2.0' ],
285 silly audit   jsonpointer: [ '5.0.1' ],
285 silly audit   leven: [ '3.1.0' ],
285 silly audit   lightningcss: [ '1.30.1' ],
285 silly audit   'lightningcss-darwin-arm64': [ '1.30.1' ],
285 silly audit   'lightningcss-darwin-x64': [ '1.30.1' ],
285 silly audit   'lightningcss-freebsd-x64': [ '1.30.1' ],
285 silly audit   'lightningcss-linux-arm-gnueabihf': [ '1.30.1' ],
285 silly audit   'lightningcss-linux-arm64-gnu': [ '1.30.1' ],
285 silly audit   'lightningcss-linux-arm64-musl': [ '1.30.1' ],
285 silly audit   'lightningcss-linux-x64-gnu': [ '1.30.1' ],
285 silly audit   'lightningcss-linux-x64-musl': [ '1.30.1' ],
285 silly audit   'lightningcss-win32-arm64-msvc': [ '1.30.1' ],
285 silly audit   'lightningcss-win32-x64-msvc': [ '1.30.1' ],
285 silly audit   'loader-runner': [ '4.3.1' ],
285 silly audit   'loader-utils': [ '2.0.4' ],
285 silly audit   'locate-path': [ '5.0.0' ],
285 silly audit   lodash: [ '4.17.21' ],
285 silly audit   'lodash.debounce': [ '4.0.8' ],
285 silly audit   'lodash.sortby': [ '4.7.0' ],
285 silly audit   'lru-cache': [ '5.1.1', '11.2.2' ],
285 silly audit   yallist: [ '3.1.1', '5.0.0', '4.0.0' ],
285 silly audit   'make-dir': [ '3.1.0' ],
285 silly audit   'math-intrinsics': [ '1.1.0' ],
285 silly audit   'merge-stream': [ '2.0.0' ],
285 silly audit   merge2: [ '1.4.1' ],
285 silly audit   micromatch: [ '4.0.8' ],
285 silly audit   'mime-db': [ '1.52.0' ],
285 silly audit   'mime-types': [ '2.1.35' ],
285 silly audit   minipass: [ '7.1.2', '5.0.0', '3.3.6' ],
285 silly audit   minizlib: [ '3.1.0', '2.1.2' ],
285 silly audit   'motion-dom': [ '12.23.23' ],
285 silly audit   'motion-utils': [ '12.23.6' ],
285 silly audit   ms: [ '2.1.3' ],
285 silly audit   nanoid: [ '3.3.11' ],
285 silly audit   'neo-async': [ '2.6.2' ],
285 silly audit   next: [ '15.5.4' ],
285 silly audit   'next-pwa': [ '5.6.0' ],
285 silly audit   postcss: [ '8.4.31', '8.5.6' ],
285 silly audit   'node-releases': [ '2.0.23' ],
285 silly audit   'object-assign': [ '4.1.1' ],
285 silly audit   'object-inspect': [ '1.13.4' ],
285 silly audit   'object-keys': [ '1.1.1' ],
285 silly audit   'object.assign': [ '4.1.7' ],
285 silly audit   once: [ '1.4.0' ],
285 silly audit   'own-keys': [ '1.0.1' ],
285 silly audit   'p-limit': [ '2.3.0' ],
285 silly audit   'p-locate': [ '4.1.0' ],
285 silly audit   'p-map': [ '2.1.0' ],
285 silly audit   'p-try': [ '2.2.0' ],
285 silly audit   'path-exists': [ '4.0.0' ],
285 silly audit   'path-is-absolute': [ '1.0.1' ],
285 silly audit   'path-is-inside': [ '1.0.2' ],
285 silly audit   'path-parse': [ '1.0.7' ],
285 silly audit   'path-type': [ '4.0.0' ],
285 silly audit   picocolors: [ '1.1.1' ],
285 silly audit   picomatch: [ '2.3.1' ],
285 silly audit   pinkie: [ '2.0.4' ],
285 silly audit   'pinkie-promise': [ '2.0.1' ],
285 silly audit   'pkg-dir': [ '4.2.0' ],
285 silly audit   'possible-typed-array-names': [ '1.1.0' ],
285 silly audit   'pretty-bytes': [ '5.6.0' ],
285 silly audit   punycode: [ '2.3.1' ],
285 silly audit   'queue-microtask': [ '1.2.3' ],
285 silly audit   randombytes: [ '2.1.0' ],
285 silly audit   react: [ '19.1.0' ],
285 silly audit   'react-dom': [ '19.1.0' ],
285 silly audit   'reflect.getprototypeof': [ '1.0.10' ],
285 silly audit   regenerate: [ '1.4.2' ],
285 silly audit   'regenerate-unicode-properties': [ '10.2.2' ],
285 silly audit   'regexp.prototype.flags': [ '1.5.4' ],
285 silly audit   'regexpu-core': [ '6.4.0' ],
285 silly audit   regjsgen: [ '0.8.0' ],
285 silly audit   regjsparser: [ '0.13.0' ],
285 silly audit   'require-from-string': [ '2.0.2' ],
285 silly audit   resolve: [ '1.22.10' ],
285 silly audit   reusify: [ '1.1.0' ],
285 silly audit   rimraf: [ '2.7.1', '6.0.1' ],
285 silly audit   rollup: [ '2.79.2' ],
285 silly audit   'rollup-plugin-terser': [ '7.0.2' ],
285 silly audit   'serialize-javascript': [ '4.0.0', '6.0.2' ],
285 silly audit   'supports-color': [ '7.2.0', '8.1.1' ],
285 silly audit   'run-parallel': [ '1.2.0' ],
285 silly audit   'safe-array-concat': [ '1.1.3' ],
285 silly audit   'safe-buffer': [ '5.2.1' ],
285 silly audit   'safe-push-apply': [ '1.0.0' ],
285 silly audit   'safe-regex-test': [ '1.1.0' ],
285 silly audit   scheduler: [ '0.26.0' ],
285 silly audit   'schema-utils': [ '2.7.1', '4.3.3' ],
285 silly audit   'set-function-length': [ '1.2.2' ],
285 silly audit   'set-function-name': [ '2.0.2' ],
285 silly audit   'set-proto': [ '1.0.0' ],
285 silly audit   sharp: [ '0.34.4' ],
285 silly audit   'side-channel': [ '1.1.0' ],
285 silly audit   'side-channel-list': [ '1.0.0' ],
285 silly audit   'side-channel-map': [ '1.0.1' ],
285 silly audit   'side-channel-weakmap': [ '1.0.2' ],
285 silly audit   slash: [ '3.0.0' ],
285 silly audit   'source-list-map': [ '2.0.1' ],
285 silly audit   'source-map': [ '0.6.1', '0.8.0-beta.0' ],
285 silly audit   'source-map-js': [ '1.2.1' ],
285 silly audit   'source-map-support': [ '0.5.21' ],
285 silly audit   'sourcemap-codec': [ '1.4.8' ],
285 silly audit   'stop-iteration-iterator': [ '1.1.0' ],
285 silly audit   'string.prototype.matchall': [ '4.0.12' ],
285 silly audit   'string.prototype.trim': [ '1.2.10' ],
285 silly audit   'string.prototype.trimend': [ '1.0.9' ],
285 silly audit   'string.prototype.trimstart': [ '1.0.8' ],
285 silly audit   'stringify-object': [ '3.3.0' ],
285 silly audit   'strip-comments': [ '2.0.1' ],
285 silly audit   'styled-jsx': [ '5.1.6' ],
285 silly audit   'supports-preserve-symlinks-flag': [ '1.0.0' ],
285 silly audit   tailwindcss: [ '4.1.14' ],
285 silly audit   tapable: [ '2.3.0' ],
285 silly audit   tar: [ '7.5.1', '6.2.1' ],
285 silly audit   'temp-dir': [ '2.0.0' ],
285 silly audit   tempy: [ '0.6.0' ],
285 silly audit   terser: [ '5.44.0' ],
285 silly audit   'terser-webpack-plugin': [ '5.3.14' ],
285 silly audit   'to-regex-range': [ '5.0.1' ],
285 silly audit   tr46: [ '1.0.1' ],
285 silly audit   tslib: [ '2.8.1' ],
285 silly audit   'type-fest': [ '0.16.0' ],
285 silly audit   'typed-array-buffer': [ '1.0.3' ],
285 silly audit   'typed-array-byte-length': [ '1.0.3' ],
285 silly audit   'typed-array-byte-offset': [ '1.0.4' ],
285 silly audit   'typed-array-length': [ '1.0.7' ],
285 silly audit   typescript: [ '5.9.3' ],
285 silly audit   'unbox-primitive': [ '1.1.0' ],
285 silly audit   'undici-types': [ '6.21.0' ],
285 silly audit   'unicode-canonical-property-names-ecmascript': [ '2.0.1' ],
285 silly audit   'unicode-match-property-ecmascript': [ '2.0.0' ],
285 silly audit   'unicode-match-property-value-ecmascript': [ '2.2.1' ],
285 silly audit   'unicode-property-aliases-ecmascript': [ '2.2.0' ],
285 silly audit   'unique-string': [ '2.0.0' ],
285 silly audit   universalify: [ '2.0.1' ],
285 silly audit   upath: [ '1.2.0' ],
285 silly audit   'update-browserslist-db': [ '1.1.3' ],
285 silly audit   'uri-js': [ '4.4.1' ],
285 silly audit   watchpack: [ '2.4.4' ],
285 silly audit   'webidl-conversions': [ '4.0.2' ],
285 silly audit   webpack: [ '5.102.1' ],
285 silly audit   'webpack-sources': [ '3.3.3', '1.4.3' ],
285 silly audit   'whatwg-url': [ '7.1.0' ],
285 silly audit   'which-boxed-primitive': [ '1.1.1' ],
285 silly audit   'which-builtin-type': [ '1.2.1' ],
285 silly audit   'which-collection': [ '1.0.2' ],
285 silly audit   'which-typed-array': [ '1.1.19' ],
285 silly audit   'workbox-background-sync': [ '6.6.0' ],
285 silly audit   'workbox-broadcast-update': [ '6.6.0' ],
285 silly audit   'workbox-build': [ '6.6.0' ],
285 silly audit   '@apideck/better-ajv-errors': [ '0.3.6' ],
285 silly audit   'workbox-cacheable-response': [ '6.6.0' ],
285 silly audit   'workbox-core': [ '6.6.0' ],
285 silly audit   'workbox-expiration': [ '6.6.0' ],
285 silly audit   'workbox-google-analytics': [ '6.6.0' ],
285 silly audit   'workbox-navigation-preload': [ '6.6.0' ],
285 silly audit   'workbox-precaching': [ '6.6.0' ],
285 silly audit   'workbox-range-requests': [ '6.6.0' ],
285 silly audit   'workbox-recipes': [ '6.6.0' ],
285 silly audit   'workbox-routing': [ '6.6.0' ],
285 silly audit   'workbox-strategies': [ '6.6.0' ],
285 silly audit   'workbox-streams': [ '6.6.0' ],
285 silly audit   'workbox-sw': [ '6.6.0' ],
285 silly audit   'workbox-webpack-plugin': [ '6.6.0' ],
285 silly audit   'workbox-window': [ '6.6.0' ],
285 silly audit   wrappy: [ '1.0.2' ],
285 silly audit   '@capacitor/cli': [ '7.4.3' ],
285 silly audit   '@capacitor/core': [ '7.4.3' ],
285 silly audit   '@ionic/cli-framework-output': [ '2.2.8' ],
285 silly audit   '@ionic/utils-subprocess': [ '3.0.1' ],
285 silly audit   '@ionic/utils-terminal': [ '2.3.5' ],
285 silly audit   'env-paths': [ '2.2.1' ],
285 silly audit   kleur: [ '4.1.5', '3.0.3' ],
285 silly audit   'native-run': [ '2.0.1' ],
285 silly audit   open: [ '8.4.2' ],
285 silly audit   plist: [ '3.1.0' ],
285 silly audit   prompts: [ '2.4.2' ],
285 silly audit   xml2js: [ '0.6.2' ],
285 silly audit   '@ionic/utils-array': [ '2.1.6' ],
285 silly audit   '@ionic/utils-fs': [ '3.1.7' ],
285 silly audit   '@ionic/utils-process': [ '2.1.12' ],
285 silly audit   '@ionic/utils-stream': [ '3.1.7' ],
285 silly audit   'cross-spawn': [ '7.0.6' ],
285 silly audit   '@types/fs-extra': [ '8.1.5' ],
285 silly audit   '@ionic/utils-object': [ '2.1.6' ],
285 silly audit   'signal-exit': [ '3.0.7', '4.1.0' ],
285 silly audit   'tree-kill': [ '1.2.2' ],
285 silly audit   '@types/slice-ansi': [ '4.0.0' ],
285 silly audit   'slice-ansi': [ '4.0.0' ],
285 silly audit   'string-width': [ '4.2.3', '5.1.2' ],
285 silly audit   'strip-ansi': [ '6.0.1', '7.1.2' ],
285 silly audit   untildify: [ '4.0.0' ],
285 silly audit   'wrap-ansi': [ '7.0.0', '8.1.0' ],
285 silly audit   'path-key': [ '3.1.1' ],
285 silly audit   'shebang-command': [ '2.0.0' ],
285 silly audit   which: [ '2.0.2' ],
285 silly audit   'bplist-parser': [ '0.3.2' ],
285 silly audit   elementtree: [ '0.1.7' ],
285 silly audit   ini: [ '4.1.3' ],
285 silly audit   split2: [ '4.2.0' ],
285 silly audit   through2: [ '4.0.2' ],
285 silly audit   yauzl: [ '2.10.0' ],
285 silly audit   'big-integer': [ '1.6.52' ],
285 silly audit   sax: [ '1.1.4' ],
285 silly audit   'define-lazy-prop': [ '2.0.0' ],
285 silly audit   'is-docker': [ '2.2.1' ],
285 silly audit   'is-wsl': [ '2.2.0' ],
285 silly audit   '@xmldom/xmldom': [ '0.8.11' ],
285 silly audit   'base64-js': [ '1.5.1' ],
285 silly audit   xmlbuilder: [ '15.1.1', '11.0.1' ],
285 silly audit   sisteransi: [ '1.0.5' ],
285 silly audit   'shebang-regex': [ '3.0.0' ],
285 silly audit   'ansi-styles': [ '4.3.0', '6.2.3' ],
285 silly audit   'astral-regex': [ '2.0.0' ],
285 silly audit   'is-fullwidth-code-point': [ '3.0.0' ],
285 silly audit   'color-convert': [ '2.0.1' ],
285 silly audit   'color-name': [ '1.1.4' ],
285 silly audit   'emoji-regex': [ '8.0.0', '9.2.2' ],
285 silly audit   'ansi-regex': [ '5.0.1', '6.2.2' ],
285 silly audit   'readable-stream': [ '3.6.2' ],
285 silly audit   string_decoder: [ '1.3.0' ],
285 silly audit   'util-deprecate': [ '1.0.2' ],
285 silly audit   isexe: [ '2.0.0' ],
285 silly audit   'buffer-crc32': [ '0.2.13' ],
285 silly audit   'fd-slicer': [ '1.1.0' ],
285 silly audit   pend: [ '1.2.0' ],
285 silly audit   'package-json-from-dist': [ '1.0.1' ],
285 silly audit   'foreground-child': [ '3.3.1' ],
285 silly audit   jackspeak: [ '4.1.1' ],
285 silly audit   'path-scurry': [ '2.0.0' ],
285 silly audit   '@isaacs/cliui': [ '8.0.2' ],
285 silly audit   'fs-minipass': [ '2.1.0' ],
285 silly audit   mkdirp: [ '1.0.4' ],
285 silly audit   eastasianwidth: [ '0.2.0' ],
285 silly audit   '@tailwindcss/oxide-wasm32-wasi': [ '4.1.14' ]
285 silly audit }
286 verbose reify failed optional dependency D:\fairproject\fair_app\node_modules\lightningcss-win32-arm64-msvc
287 silly reify mark deleted [
287 silly reify   'D:\\fairproject\\fair_app\\node_modules\\lightningcss-win32-arm64-msvc'
287 silly reify ]
288 verbose reify failed optional dependency D:\fairproject\fair_app\node_modules\lightningcss-linux-x64-musl
289 silly reify mark deleted [
289 silly reify   'D:\\fairproject\\fair_app\\node_modules\\lightningcss-linux-x64-musl'
289 silly reify ]
290 verbose reify failed optional dependency D:\fairproject\fair_app\node_modules\lightningcss-linux-x64-gnu
291 silly reify mark deleted [
291 silly reify   'D:\\fairproject\\fair_app\\node_modules\\lightningcss-linux-x64-gnu'
291 silly reify ]
292 verbose reify failed optional dependency D:\fairproject\fair_app\node_modules\lightningcss-linux-arm64-musl
293 silly reify mark deleted [
293 silly reify   'D:\\fairproject\\fair_app\\node_modules\\lightningcss-linux-arm64-musl'
293 silly reify ]
294 verbose reify failed optional dependency D:\fairproject\fair_app\node_modules\lightningcss-linux-arm64-gnu
295 silly reify mark deleted [
295 silly reify   'D:\\fairproject\\fair_app\\node_modules\\lightningcss-linux-arm64-gnu'
295 silly reify ]
296 verbose reify failed optional dependency D:\fairproject\fair_app\node_modules\lightningcss-linux-arm-gnueabihf
297 silly reify mark deleted [
297 silly reify   'D:\\fairproject\\fair_app\\node_modules\\lightningcss-linux-arm-gnueabihf'
297 silly reify ]
298 verbose reify failed optional dependency D:\fairproject\fair_app\node_modules\lightningcss-freebsd-x64
299 silly reify mark deleted [ 'D:\\fairproject\\fair_app\\node_modules\\lightningcss-freebsd-x64' ]
300 verbose reify failed optional dependency D:\fairproject\fair_app\node_modules\lightningcss-darwin-x64
301 silly reify mark deleted [ 'D:\\fairproject\\fair_app\\node_modules\\lightningcss-darwin-x64' ]
302 verbose reify failed optional dependency D:\fairproject\fair_app\node_modules\lightningcss-darwin-arm64
303 silly reify mark deleted [
303 silly reify   'D:\\fairproject\\fair_app\\node_modules\\lightningcss-darwin-arm64'
303 silly reify ]
304 verbose reify failed optional dependency D:\fairproject\fair_app\node_modules\fsevents
305 silly reify mark deleted [ 'D:\\fairproject\\fair_app\\node_modules\\fsevents' ]
306 verbose reify failed optional dependency D:\fairproject\fair_app\node_modules\@tailwindcss\oxide-win32-arm64-msvc
307 silly reify mark deleted [
307 silly reify   'D:\\fairproject\\fair_app\\node_modules\\@tailwindcss\\oxide-win32-arm64-msvc'
307 silly reify ]
308 verbose reify failed optional dependency D:\fairproject\fair_app\node_modules\@tailwindcss\oxide-linux-x64-musl
309 silly reify mark deleted [
309 silly reify   'D:\\fairproject\\fair_app\\node_modules\\@tailwindcss\\oxide-linux-x64-musl'
309 silly reify ]
310 verbose reify failed optional dependency D:\fairproject\fair_app\node_modules\@tailwindcss\oxide-linux-x64-gnu
311 silly reify mark deleted [
311 silly reify   'D:\\fairproject\\fair_app\\node_modules\\@tailwindcss\\oxide-linux-x64-gnu'
311 silly reify ]
312 verbose reify failed optional dependency D:\fairproject\fair_app\node_modules\@tailwindcss\oxide-linux-arm64-musl
313 silly reify mark deleted [
313 silly reify   'D:\\fairproject\\fair_app\\node_modules\\@tailwindcss\\oxide-linux-arm64-musl'
313 silly reify ]
314 verbose reify failed optional dependency D:\fairproject\fair_app\node_modules\@tailwindcss\oxide-linux-arm64-gnu
315 silly reify mark deleted [
315 silly reify   'D:\\fairproject\\fair_app\\node_modules\\@tailwindcss\\oxide-linux-arm64-gnu'
315 silly reify ]
316 verbose reify failed optional dependency D:\fairproject\fair_app\node_modules\@tailwindcss\oxide-linux-arm-gnueabihf
317 silly reify mark deleted [
317 silly reify   'D:\\fairproject\\fair_app\\node_modules\\@tailwindcss\\oxide-linux-arm-gnueabihf'
317 silly reify ]
318 verbose reify failed optional dependency D:\fairproject\fair_app\node_modules\@tailwindcss\oxide-freebsd-x64
319 silly reify mark deleted [
319 silly reify   'D:\\fairproject\\fair_app\\node_modules\\@tailwindcss\\oxide-freebsd-x64'
319 silly reify ]
320 verbose reify failed optional dependency D:\fairproject\fair_app\node_modules\@tailwindcss\oxide-darwin-x64
321 silly reify mark deleted [
321 silly reify   'D:\\fairproject\\fair_app\\node_modules\\@tailwindcss\\oxide-darwin-x64'
321 silly reify ]
322 verbose reify failed optional dependency D:\fairproject\fair_app\node_modules\@tailwindcss\oxide-darwin-arm64
323 silly reify mark deleted [
323 silly reify   'D:\\fairproject\\fair_app\\node_modules\\@tailwindcss\\oxide-darwin-arm64'
323 silly reify ]
324 verbose reify failed optional dependency D:\fairproject\fair_app\node_modules\@tailwindcss\oxide-android-arm64
325 silly reify mark deleted [
325 silly reify   'D:\\fairproject\\fair_app\\node_modules\\@tailwindcss\\oxide-android-arm64'
325 silly reify ]
326 verbose reify failed optional dependency D:\fairproject\fair_app\node_modules\@next\swc-win32-arm64-msvc
327 silly reify mark deleted [
327 silly reify   'D:\\fairproject\\fair_app\\node_modules\\@next\\swc-win32-arm64-msvc'
327 silly reify ]
328 verbose reify failed optional dependency D:\fairproject\fair_app\node_modules\@next\swc-linux-x64-musl
329 silly reify mark deleted [
329 silly reify   'D:\\fairproject\\fair_app\\node_modules\\@next\\swc-linux-x64-musl'
329 silly reify ]
330 verbose reify failed optional dependency D:\fairproject\fair_app\node_modules\@next\swc-linux-x64-gnu
331 silly reify mark deleted [ 'D:\\fairproject\\fair_app\\node_modules\\@next\\swc-linux-x64-gnu' ]
332 verbose reify failed optional dependency D:\fairproject\fair_app\node_modules\@next\swc-linux-arm64-musl
333 silly reify mark deleted [
333 silly reify   'D:\\fairproject\\fair_app\\node_modules\\@next\\swc-linux-arm64-musl'
333 silly reify ]
334 verbose reify failed optional dependency D:\fairproject\fair_app\node_modules\@next\swc-linux-arm64-gnu
335 silly reify mark deleted [
335 silly reify   'D:\\fairproject\\fair_app\\node_modules\\@next\\swc-linux-arm64-gnu'
335 silly reify ]
336 verbose reify failed optional dependency D:\fairproject\fair_app\node_modules\@next\swc-darwin-x64
337 silly reify mark deleted [ 'D:\\fairproject\\fair_app\\node_modules\\@next\\swc-darwin-x64' ]
338 verbose reify failed optional dependency D:\fairproject\fair_app\node_modules\@next\swc-darwin-arm64
339 silly reify mark deleted [ 'D:\\fairproject\\fair_app\\node_modules\\@next\\swc-darwin-arm64' ]
340 verbose reify failed optional dependency D:\fairproject\fair_app\node_modules\@img\sharp-win32-ia32
341 silly reify mark deleted [ 'D:\\fairproject\\fair_app\\node_modules\\@img\\sharp-win32-ia32' ]
342 verbose reify failed optional dependency D:\fairproject\fair_app\node_modules\@img\sharp-win32-arm64
343 silly reify mark deleted [ 'D:\\fairproject\\fair_app\\node_modules\\@img\\sharp-win32-arm64' ]
344 verbose reify failed optional dependency D:\fairproject\fair_app\node_modules\@img\sharp-wasm32
345 silly reify mark deleted [ 'D:\\fairproject\\fair_app\\node_modules\\@img\\sharp-wasm32' ]
346 verbose reify failed optional dependency D:\fairproject\fair_app\node_modules\@img\sharp-linuxmusl-x64
347 silly reify mark deleted [
347 silly reify   'D:\\fairproject\\fair_app\\node_modules\\@img\\sharp-linuxmusl-x64'
347 silly reify ]
348 verbose reify failed optional dependency D:\fairproject\fair_app\node_modules\@img\sharp-linuxmusl-arm64
349 silly reify mark deleted [
349 silly reify   'D:\\fairproject\\fair_app\\node_modules\\@img\\sharp-linuxmusl-arm64'
349 silly reify ]
350 verbose reify failed optional dependency D:\fairproject\fair_app\node_modules\@img\sharp-linux-x64
351 silly reify mark deleted [ 'D:\\fairproject\\fair_app\\node_modules\\@img\\sharp-linux-x64' ]
352 verbose reify failed optional dependency D:\fairproject\fair_app\node_modules\@img\sharp-linux-s390x
353 silly reify mark deleted [ 'D:\\fairproject\\fair_app\\node_modules\\@img\\sharp-linux-s390x' ]
354 verbose reify failed optional dependency D:\fairproject\fair_app\node_modules\@img\sharp-linux-ppc64
355 silly reify mark deleted [ 'D:\\fairproject\\fair_app\\node_modules\\@img\\sharp-linux-ppc64' ]
356 verbose reify failed optional dependency D:\fairproject\fair_app\node_modules\@img\sharp-linux-arm64
357 silly reify mark deleted [ 'D:\\fairproject\\fair_app\\node_modules\\@img\\sharp-linux-arm64' ]
358 verbose reify failed optional dependency D:\fairproject\fair_app\node_modules\@img\sharp-linux-arm
359 silly reify mark deleted [ 'D:\\fairproject\\fair_app\\node_modules\\@img\\sharp-linux-arm' ]
360 verbose reify failed optional dependency D:\fairproject\fair_app\node_modules\@img\sharp-libvips-linuxmusl-x64
361 silly reify mark deleted [
361 silly reify   'D:\\fairproject\\fair_app\\node_modules\\@img\\sharp-libvips-linuxmusl-x64'
361 silly reify ]
362 verbose reify failed optional dependency D:\fairproject\fair_app\node_modules\@img\sharp-libvips-linuxmusl-arm64
363 silly reify mark deleted [
363 silly reify   'D:\\fairproject\\fair_app\\node_modules\\@img\\sharp-libvips-linuxmusl-arm64'
363 silly reify ]
364 verbose reify failed optional dependency D:\fairproject\fair_app\node_modules\@img\sharp-libvips-linux-x64
365 silly reify mark deleted [
365 silly reify   'D:\\fairproject\\fair_app\\node_modules\\@img\\sharp-libvips-linux-x64'
365 silly reify ]
366 verbose reify failed optional dependency D:\fairproject\fair_app\node_modules\@img\sharp-libvips-linux-s390x
367 silly reify mark deleted [
367 silly reify   'D:\\fairproject\\fair_app\\node_modules\\@img\\sharp-libvips-linux-s390x'
367 silly reify ]
368 verbose reify failed optional dependency D:\fairproject\fair_app\node_modules\@img\sharp-libvips-linux-ppc64
369 silly reify mark deleted [
369 silly reify   'D:\\fairproject\\fair_app\\node_modules\\@img\\sharp-libvips-linux-ppc64'
369 silly reify ]
370 verbose reify failed optional dependency D:\fairproject\fair_app\node_modules\@img\sharp-libvips-linux-arm64
371 silly reify mark deleted [
371 silly reify   'D:\\fairproject\\fair_app\\node_modules\\@img\\sharp-libvips-linux-arm64'
371 silly reify ]
372 verbose reify failed optional dependency D:\fairproject\fair_app\node_modules\@img\sharp-libvips-linux-arm
373 silly reify mark deleted [
373 silly reify   'D:\\fairproject\\fair_app\\node_modules\\@img\\sharp-libvips-linux-arm'
373 silly reify ]
374 verbose reify failed optional dependency D:\fairproject\fair_app\node_modules\@img\sharp-libvips-darwin-x64
375 silly reify mark deleted [
375 silly reify   'D:\\fairproject\\fair_app\\node_modules\\@img\\sharp-libvips-darwin-x64'
375 silly reify ]
376 verbose reify failed optional dependency D:\fairproject\fair_app\node_modules\@img\sharp-libvips-darwin-arm64
377 silly reify mark deleted [
377 silly reify   'D:\\fairproject\\fair_app\\node_modules\\@img\\sharp-libvips-darwin-arm64'
377 silly reify ]
378 verbose reify failed optional dependency D:\fairproject\fair_app\node_modules\@img\sharp-darwin-x64
379 silly reify mark deleted [ 'D:\\fairproject\\fair_app\\node_modules\\@img\\sharp-darwin-x64' ]
380 verbose reify failed optional dependency D:\fairproject\fair_app\node_modules\@img\sharp-darwin-arm64
381 silly reify mark deleted [ 'D:\\fairproject\\fair_app\\node_modules\\@img\\sharp-darwin-arm64' ]
382 silly tarball no local data for eastasianwidth@https://registry.npmjs.org/eastasianwidth/-/eastasianwidth-0.2.0.tgz. Extracting by manifest.
383 silly tarball no local data for mkdirp@https://registry.npmjs.org/mkdirp/-/mkdirp-1.0.4.tgz. Extracting by manifest.
384 silly tarball no local data for wrap-ansi-cjs@https://registry.npmjs.org/wrap-ansi/-/wrap-ansi-7.0.0.tgz. Extracting by manifest.
385 silly tarball no local data for fs-minipass@https://registry.npmjs.org/fs-minipass/-/fs-minipass-2.1.0.tgz. Extracting by manifest.
386 silly tarball no local data for strip-ansi-cjs@https://registry.npmjs.org/strip-ansi/-/strip-ansi-6.0.1.tgz. Extracting by manifest.
387 silly tarball no local data for @isaacs/cliui@https://registry.npmjs.org/@isaacs/cliui/-/cliui-8.0.2.tgz. Extracting by manifest.
388 silly tarball no local data for path-scurry@https://registry.npmjs.org/path-scurry/-/path-scurry-2.0.0.tgz. Extracting by manifest.
389 silly tarball no local data for string-width-cjs@https://registry.npmjs.org/string-width/-/string-width-4.2.3.tgz. Extracting by manifest.
390 silly tarball no local data for jackspeak@https://registry.npmjs.org/jackspeak/-/jackspeak-4.1.1.tgz. Extracting by manifest.
391 silly tarball no local data for package-json-from-dist@https://registry.npmjs.org/package-json-from-dist/-/package-json-from-dist-1.0.1.tgz. Extracting by manifest.
392 silly tarball no local data for foreground-child@https://registry.npmjs.org/foreground-child/-/foreground-child-3.3.1.tgz. Extracting by manifest.
393 silly tarball no local data for fd-slicer@https://registry.npmjs.org/fd-slicer/-/fd-slicer-1.1.0.tgz. Extracting by manifest.
394 silly tarball no local data for pend@https://registry.npmjs.org/pend/-/pend-1.2.0.tgz. Extracting by manifest.
395 silly tarball no local data for buffer-crc32@https://registry.npmjs.org/buffer-crc32/-/buffer-crc32-0.2.13.tgz. Extracting by manifest.
396 silly tarball no local data for util-deprecate@https://registry.npmjs.org/util-deprecate/-/util-deprecate-1.0.2.tgz. Extracting by manifest.
397 silly tarball no local data for isexe@https://registry.npmjs.org/isexe/-/isexe-2.0.0.tgz. Extracting by manifest.
398 silly tarball no local data for string_decoder@https://registry.npmjs.org/string_decoder/-/string_decoder-1.3.0.tgz. Extracting by manifest.
399 silly tarball no local data for readable-stream@https://registry.npmjs.org/readable-stream/-/readable-stream-3.6.2.tgz. Extracting by manifest.
400 silly tarball no local data for ansi-regex@https://registry.npmjs.org/ansi-regex/-/ansi-regex-5.0.1.tgz. Extracting by manifest.
401 silly tarball no local data for emoji-regex@https://registry.npmjs.org/emoji-regex/-/emoji-regex-8.0.0.tgz. Extracting by manifest.
402 silly tarball no local data for color-convert@https://registry.npmjs.org/color-convert/-/color-convert-2.0.1.tgz. Extracting by manifest.
403 silly tarball no local data for color-name@https://registry.npmjs.org/color-name/-/color-name-1.1.4.tgz. Extracting by manifest.
404 silly tarball no local data for is-fullwidth-code-point@https://registry.npmjs.org/is-fullwidth-code-point/-/is-fullwidth-code-point-3.0.0.tgz. Extracting by manifest.
405 silly tarball no local data for astral-regex@https://registry.npmjs.org/astral-regex/-/astral-regex-2.0.0.tgz. Extracting by manifest.
406 silly tarball no local data for ansi-styles@https://registry.npmjs.org/ansi-styles/-/ansi-styles-4.3.0.tgz. Extracting by manifest.
407 silly tarball no local data for shebang-regex@https://registry.npmjs.org/shebang-regex/-/shebang-regex-3.0.0.tgz. Extracting by manifest.
408 silly tarball no local data for sisteransi@https://registry.npmjs.org/sisteransi/-/sisteransi-1.0.5.tgz. Extracting by manifest.
409 silly tarball no local data for @xmldom/xmldom@https://registry.npmjs.org/@xmldom/xmldom/-/xmldom-0.8.11.tgz. Extracting by manifest.
410 silly tarball no local data for xmlbuilder@https://registry.npmjs.org/xmlbuilder/-/xmlbuilder-15.1.1.tgz. Extracting by manifest.
411 silly tarball no local data for base64-js@https://registry.npmjs.org/base64-js/-/base64-js-1.5.1.tgz. Extracting by manifest.
412 silly tarball no local data for is-wsl@https://registry.npmjs.org/is-wsl/-/is-wsl-2.2.0.tgz. Extracting by manifest.
413 silly tarball no local data for is-docker@https://registry.npmjs.org/is-docker/-/is-docker-2.2.1.tgz. Extracting by manifest.
414 silly tarball no local data for define-lazy-prop@https://registry.npmjs.org/define-lazy-prop/-/define-lazy-prop-2.0.0.tgz. Extracting by manifest.
415 silly tarball no local data for sax@https://registry.npmjs.org/sax/-/sax-1.1.4.tgz. Extracting by manifest.
416 silly tarball no local data for yauzl@https://registry.npmjs.org/yauzl/-/yauzl-2.10.0.tgz. Extracting by manifest.
417 silly tarball no local data for through2@https://registry.npmjs.org/through2/-/through2-4.0.2.tgz. Extracting by manifest.
418 silly tarball no local data for big-integer@https://registry.npmjs.org/big-integer/-/big-integer-1.6.52.tgz. Extracting by manifest.
419 silly tarball no local data for split2@https://registry.npmjs.org/split2/-/split2-4.2.0.tgz. Extracting by manifest.
420 silly tarball no local data for ini@https://registry.npmjs.org/ini/-/ini-4.1.3.tgz. Extracting by manifest.
421 silly tarball no local data for elementtree@https://registry.npmjs.org/elementtree/-/elementtree-0.1.7.tgz. Extracting by manifest.
422 silly tarball no local data for which@https://registry.npmjs.org/which/-/which-2.0.2.tgz. Extracting by manifest.
423 silly tarball no local data for bplist-parser@https://registry.npmjs.org/bplist-parser/-/bplist-parser-0.3.2.tgz. Extracting by manifest.
424 silly tarball no local data for shebang-command@https://registry.npmjs.org/shebang-command/-/shebang-command-2.0.0.tgz. Extracting by manifest.
425 silly tarball no local data for path-key@https://registry.npmjs.org/path-key/-/path-key-3.1.1.tgz. Extracting by manifest.
426 silly tarball no local data for untildify@https://registry.npmjs.org/untildify/-/untildify-4.0.0.tgz. Extracting by manifest.
427 silly tarball no local data for wrap-ansi@https://registry.npmjs.org/wrap-ansi/-/wrap-ansi-7.0.0.tgz. Extracting by manifest.
428 silly tarball no local data for strip-ansi@https://registry.npmjs.org/strip-ansi/-/strip-ansi-6.0.1.tgz. Extracting by manifest.
429 silly tarball no local data for string-width@https://registry.npmjs.org/string-width/-/string-width-4.2.3.tgz. Extracting by manifest.
430 silly tarball no local data for @types/slice-ansi@https://registry.npmjs.org/@types/slice-ansi/-/slice-ansi-4.0.0.tgz. Extracting by manifest.
431 silly tarball no local data for slice-ansi@https://registry.npmjs.org/slice-ansi/-/slice-ansi-4.0.0.tgz. Extracting by manifest.
432 silly tarball no local data for tree-kill@https://registry.npmjs.org/tree-kill/-/tree-kill-1.2.2.tgz. Extracting by manifest.
433 silly tarball no local data for @ionic/utils-object@https://registry.npmjs.org/@ionic/utils-object/-/utils-object-2.1.6.tgz. Extracting by manifest.
434 silly tarball no local data for signal-exit@https://registry.npmjs.org/signal-exit/-/signal-exit-3.0.7.tgz. Extracting by manifest.
435 silly tarball no local data for cross-spawn@https://registry.npmjs.org/cross-spawn/-/cross-spawn-7.0.6.tgz. Extracting by manifest.
436 silly tarball no local data for @types/fs-extra@https://registry.npmjs.org/@types/fs-extra/-/fs-extra-8.1.5.tgz. Extracting by manifest.
437 silly tarball no local data for @ionic/utils-process@https://registry.npmjs.org/@ionic/utils-process/-/utils-process-2.1.12.tgz. Extracting by manifest.
438 silly tarball no local data for @ionic/utils-stream@https://registry.npmjs.org/@ionic/utils-stream/-/utils-stream-3.1.7.tgz. Extracting by manifest.
439 silly tarball no local data for @ionic/utils-fs@https://registry.npmjs.org/@ionic/utils-fs/-/utils-fs-3.1.7.tgz. Extracting by manifest.
440 silly tarball no local data for @ionic/utils-array@https://registry.npmjs.org/@ionic/utils-array/-/utils-array-2.1.6.tgz. Extracting by manifest.
441 silly tarball no local data for xml2js@https://registry.npmjs.org/xml2js/-/xml2js-0.6.2.tgz. Extracting by manifest.
442 silly tarball no local data for prompts@https://registry.npmjs.org/prompts/-/prompts-2.4.2.tgz. Extracting by manifest.
443 silly tarball no local data for open@https://registry.npmjs.org/open/-/open-8.4.2.tgz. Extracting by manifest.
444 silly tarball no local data for plist@https://registry.npmjs.org/plist/-/plist-3.1.0.tgz. Extracting by manifest.
445 silly tarball no local data for kleur@https://registry.npmjs.org/kleur/-/kleur-4.1.5.tgz. Extracting by manifest.
446 silly tarball no local data for native-run@https://registry.npmjs.org/native-run/-/native-run-2.0.1.tgz. Extracting by manifest.
447 silly tarball no local data for @ionic/utils-terminal@https://registry.npmjs.org/@ionic/utils-terminal/-/utils-terminal-2.3.5.tgz. Extracting by manifest.
448 silly tarball no local data for env-paths@https://registry.npmjs.org/env-paths/-/env-paths-2.2.1.tgz. Extracting by manifest.
449 silly tarball no local data for @ionic/utils-subprocess@https://registry.npmjs.org/@ionic/utils-subprocess/-/utils-subprocess-3.0.1.tgz. Extracting by manifest.
450 silly tarball no local data for @ionic/cli-framework-output@https://registry.npmjs.org/@ionic/cli-framework-output/-/cli-framework-output-2.2.8.tgz. Extracting by manifest.
451 silly tarball no local data for @capacitor/cli@https://registry.npmjs.org/@capacitor/cli/-/cli-7.4.3.tgz. Extracting by manifest.
452 silly tarball no local data for @capacitor/core@https://registry.npmjs.org/@capacitor/core/-/core-7.4.3.tgz. Extracting by manifest.
453 silly tarball no local data for minipass@https://registry.npmjs.org/minipass/-/minipass-3.3.6.tgz. Extracting by manifest.
454 silly tarball no local data for yallist@https://registry.npmjs.org/yallist/-/yallist-4.0.0.tgz. Extracting by manifest.
455 silly tarball no local data for ansi-regex@https://registry.npmjs.org/ansi-regex/-/ansi-regex-6.2.2.tgz. Extracting by manifest.
456 silly tarball no local data for ansi-styles@https://registry.npmjs.org/ansi-styles/-/ansi-styles-6.2.3.tgz. Extracting by manifest.
457 silly tarball no local data for emoji-regex@https://registry.npmjs.org/emoji-regex/-/emoji-regex-9.2.2.tgz. Extracting by manifest.
458 silly tarball no local data for strip-ansi@https://registry.npmjs.org/strip-ansi/-/strip-ansi-7.1.2.tgz. Extracting by manifest.
459 silly tarball no local data for wrap-ansi@https://registry.npmjs.org/wrap-ansi/-/wrap-ansi-8.1.0.tgz. Extracting by manifest.
460 silly tarball no local data for string-width@https://registry.npmjs.org/string-width/-/string-width-5.1.2.tgz. Extracting by manifest.
461 silly tarball no local data for signal-exit@https://registry.npmjs.org/signal-exit/-/signal-exit-4.1.0.tgz. Extracting by manifest.
462 silly tarball no local data for lru-cache@https://registry.npmjs.org/lru-cache/-/lru-cache-11.2.2.tgz. Extracting by manifest.
463 silly tarball no local data for xmlbuilder@https://registry.npmjs.org/xmlbuilder/-/xmlbuilder-11.0.1.tgz. Extracting by manifest.
464 silly tarball no local data for kleur@https://registry.npmjs.org/kleur/-/kleur-3.0.3.tgz. Extracting by manifest.
465 silly tarball no local data for yallist@https://registry.npmjs.org/yallist/-/yallist-4.0.0.tgz. Extracting by manifest.
466 silly tarball no local data for minizlib@https://registry.npmjs.org/minizlib/-/minizlib-2.1.2.tgz. Extracting by manifest.
467 silly tarball no local data for chownr@https://registry.npmjs.org/chownr/-/chownr-2.0.0.tgz. Extracting by manifest.
468 silly tarball no local data for glob@https://registry.npmjs.org/glob/-/glob-11.0.3.tgz. Extracting by manifest.
469 silly tarball no local data for tar@https://registry.npmjs.org/tar/-/tar-6.2.1.tgz. Extracting by manifest.
470 silly tarball no local data for minipass@https://registry.npmjs.org/minipass/-/minipass-3.3.6.tgz. Extracting by manifest.
471 silly tarball no local data for minipass@https://registry.npmjs.org/minipass/-/minipass-5.0.0.tgz. Extracting by manifest.
472 silly tarball no local data for rimraf@https://registry.npmjs.org/rimraf/-/rimraf-6.0.1.tgz. Extracting by manifest.
473 silly tarball no local data for fs-extra@https://registry.npmjs.org/fs-extra/-/fs-extra-11.3.2.tgz. Extracting by manifest.
474 silly tarball no local data for commander@https://registry.npmjs.org/commander/-/commander-12.1.0.tgz. Extracting by manifest.
475 http fetch GET 200 https://registry.npmjs.org/wrap-ansi/-/wrap-ansi-7.0.0.tgz 178ms (cache miss)
476 http fetch GET 200 https://registry.npmjs.org/package-json-from-dist/-/package-json-from-dist-1.0.1.tgz 188ms (cache miss)
477 http fetch GET 200 https://registry.npmjs.org/string-width/-/string-width-4.2.3.tgz 190ms (cache miss)
478 http fetch GET 200 https://registry.npmjs.org/fd-slicer/-/fd-slicer-1.1.0.tgz 195ms (cache miss)
479 http fetch GET 200 https://registry.npmjs.org/fs-minipass/-/fs-minipass-2.1.0.tgz 200ms (cache miss)
480 http fetch GET 200 https://registry.npmjs.org/strip-ansi/-/strip-ansi-6.0.1.tgz 200ms (cache miss)
481 http fetch GET 200 https://registry.npmjs.org/eastasianwidth/-/eastasianwidth-0.2.0.tgz 216ms (cache miss)
482 http fetch GET 200 https://registry.npmjs.org/buffer-crc32/-/buffer-crc32-0.2.13.tgz 211ms (cache miss)
483 http fetch POST 200 https://registry.npmjs.org/-/npm/v1/security/advisories/bulk 283ms
484 silly audit report {}
485 http fetch GET 200 https://registry.npmjs.org/pend/-/pend-1.2.0.tgz 228ms (cache miss)
486 http fetch GET 200 https://registry.npmjs.org/ansi-regex/-/ansi-regex-5.0.1.tgz 267ms (cache miss)
487 http fetch GET 200 https://registry.npmjs.org/string_decoder/-/string_decoder-1.3.0.tgz 296ms (cache miss)
488 http fetch GET 200 https://registry.npmjs.org/shebang-regex/-/shebang-regex-3.0.0.tgz 293ms (cache miss)
489 http fetch GET 200 https://registry.npmjs.org/is-fullwidth-code-point/-/is-fullwidth-code-point-3.0.0.tgz 295ms (cache miss)
490 http fetch GET 200 https://registry.npmjs.org/color-name/-/color-name-1.1.4.tgz 303ms (cache miss)
491 http fetch GET 200 https://registry.npmjs.org/astral-regex/-/astral-regex-2.0.0.tgz 302ms (cache miss)
492 http fetch GET 200 https://registry.npmjs.org/util-deprecate/-/util-deprecate-1.0.2.tgz 312ms (cache miss)
493 http fetch GET 200 https://registry.npmjs.org/sisteransi/-/sisteransi-1.0.5.tgz 310ms (cache miss)
494 http fetch GET 200 https://registry.npmjs.org/is-docker/-/is-docker-2.2.1.tgz 310ms (cache miss)
495 http fetch GET 200 https://registry.npmjs.org/is-wsl/-/is-wsl-2.2.0.tgz 312ms (cache miss)
496 http fetch GET 200 https://registry.npmjs.org/define-lazy-prop/-/define-lazy-prop-2.0.0.tgz 311ms (cache miss)
497 http fetch GET 200 https://registry.npmjs.org/@isaacs/cliui/-/cliui-8.0.2.tgz 325ms (cache miss)
498 http fetch GET 200 https://registry.npmjs.org/ansi-styles/-/ansi-styles-4.3.0.tgz 322ms (cache miss)
499 http fetch GET 200 https://registry.npmjs.org/through2/-/through2-4.0.2.tgz 325ms (cache miss)
500 http fetch GET 200 https://registry.npmjs.org/which/-/which-2.0.2.tgz 339ms (cache miss)
501 http fetch GET 200 https://registry.npmjs.org/path-key/-/path-key-3.1.1.tgz 340ms (cache miss)
502 http fetch GET 200 https://registry.npmjs.org/shebang-command/-/shebang-command-2.0.0.tgz 342ms (cache miss)
503 http fetch GET 200 https://registry.npmjs.org/ini/-/ini-4.1.3.tgz 348ms (cache miss)
504 http fetch GET 200 https://registry.npmjs.org/base64-js/-/base64-js-1.5.1.tgz 354ms (cache miss)
505 http fetch GET 200 https://registry.npmjs.org/strip-ansi/-/strip-ansi-6.0.1.tgz 349ms (cache miss)
506 http fetch GET 200 https://registry.npmjs.org/slice-ansi/-/slice-ansi-4.0.0.tgz 348ms (cache miss)
507 http fetch GET 200 https://registry.npmjs.org/untildify/-/untildify-4.0.0.tgz 349ms (cache miss)
508 http fetch GET 200 https://registry.npmjs.org/wrap-ansi/-/wrap-ansi-7.0.0.tgz 350ms (cache miss)
509 http fetch GET 200 https://registry.npmjs.org/color-convert/-/color-convert-2.0.1.tgz 360ms (cache miss)
510 http fetch GET 200 https://registry.npmjs.org/string-width/-/string-width-4.2.3.tgz 354ms (cache miss)
511 http fetch GET 200 https://registry.npmjs.org/signal-exit/-/signal-exit-3.0.7.tgz 363ms (cache miss)
512 http fetch GET 200 https://registry.npmjs.org/tree-kill/-/tree-kill-1.2.2.tgz 364ms (cache miss)
513 http fetch GET 200 https://registry.npmjs.org/isexe/-/isexe-2.0.0.tgz 381ms (cache miss)
514 http fetch GET 200 https://registry.npmjs.org/split2/-/split2-4.2.0.tgz 376ms (cache miss)
515 http fetch GET 200 https://registry.npmjs.org/yauzl/-/yauzl-2.10.0.tgz 399ms (cache miss)
516 http fetch GET 200 https://registry.npmjs.org/emoji-regex/-/emoji-regex-8.0.0.tgz 406ms (cache miss)
517 http fetch GET 200 https://registry.npmjs.org/bplist-parser/-/bplist-parser-0.3.2.tgz 422ms (cache miss)
518 http fetch GET 200 https://registry.npmjs.org/mkdirp/-/mkdirp-1.0.4.tgz 441ms (cache miss)
519 http fetch GET 200 https://registry.npmjs.org/sax/-/sax-1.1.4.tgz 427ms (cache miss)
520 http fetch GET 200 https://registry.npmjs.org/@types/slice-ansi/-/slice-ansi-4.0.0.tgz 426ms (cache miss)
521 http fetch GET 200 https://registry.npmjs.org/@ionic/utils-object/-/utils-object-2.1.6.tgz 430ms (cache miss)
522 http fetch GET 200 https://registry.npmjs.org/@ionic/utils-array/-/utils-array-2.1.6.tgz 429ms (cache miss)
523 http fetch GET 200 https://registry.npmjs.org/env-paths/-/env-paths-2.2.1.tgz 439ms (cache miss)
524 http fetch GET 200 https://registry.npmjs.org/open/-/open-8.4.2.tgz 453ms (cache miss)
525 http fetch GET 200 https://registry.npmjs.org/@ionic/utils-stream/-/utils-stream-3.1.7.tgz 466ms (cache miss)
526 http fetch GET 200 https://registry.npmjs.org/@types/fs-extra/-/fs-extra-8.1.5.tgz 466ms (cache miss)
527 http fetch GET 200 https://registry.npmjs.org/@ionic/utils-process/-/utils-process-2.1.12.tgz 469ms (cache miss)
528 http fetch GET 200 https://registry.npmjs.org/yallist/-/yallist-4.0.0.tgz 466ms (cache miss)
529 http fetch GET 200 https://registry.npmjs.org/cross-spawn/-/cross-spawn-7.0.6.tgz 477ms (cache miss)
530 http fetch GET 200 https://registry.npmjs.org/big-integer/-/big-integer-1.6.52.tgz 497ms (cache miss)
531 http fetch GET 200 https://registry.npmjs.org/kleur/-/kleur-4.1.5.tgz 507ms (cache miss)
532 http fetch GET 200 https://registry.npmjs.org/ansi-regex/-/ansi-regex-6.2.2.tgz 506ms (cache miss)
533 http fetch GET 200 https://registry.npmjs.org/@ionic/cli-framework-output/-/cli-framework-output-2.2.8.tgz 513ms (cache miss)
534 http fetch GET 200 https://registry.npmjs.org/strip-ansi/-/strip-ansi-7.1.2.tgz 511ms (cache miss)
535 http fetch GET 200 https://registry.npmjs.org/string-width/-/string-width-5.1.2.tgz 511ms (cache miss)
536 http fetch GET 200 https://registry.npmjs.org/ansi-styles/-/ansi-styles-6.2.3.tgz 512ms (cache miss)
537 http fetch GET 200 https://registry.npmjs.org/minipass/-/minipass-3.3.6.tgz 515ms (cache miss)
538 http fetch GET 200 https://registry.npmjs.org/@ionic/utils-subprocess/-/utils-subprocess-3.0.1.tgz 520ms (cache miss)
539 http fetch GET 200 https://registry.npmjs.org/@ionic/utils-fs/-/utils-fs-3.1.7.tgz 527ms (cache miss)
540 http fetch GET 200 https://registry.npmjs.org/wrap-ansi/-/wrap-ansi-8.1.0.tgz 522ms (cache miss)
541 http fetch GET 200 https://registry.npmjs.org/@xmldom/xmldom/-/xmldom-0.8.11.tgz 542ms (cache miss)
542 http fetch GET 200 https://registry.npmjs.org/jackspeak/-/jackspeak-4.1.1.tgz 551ms (cache miss)
543 http fetch GET 200 https://registry.npmjs.org/@ionic/utils-terminal/-/utils-terminal-2.3.5.tgz 554ms (cache miss)
544 http fetch GET 200 https://registry.npmjs.org/path-scurry/-/path-scurry-2.0.0.tgz 603ms (cache miss)
545 http fetch GET 200 https://registry.npmjs.org/chownr/-/chownr-2.0.0.tgz 612ms (cache miss)
546 http fetch GET 200 https://registry.npmjs.org/kleur/-/kleur-3.0.3.tgz 635ms (cache miss)
547 http fetch GET 200 https://registry.npmjs.org/minizlib/-/minizlib-2.1.2.tgz 636ms (cache miss)
548 http fetch GET 200 https://registry.npmjs.org/elementtree/-/elementtree-0.1.7.tgz 655ms (cache miss)
549 http fetch GET 200 https://registry.npmjs.org/readable-stream/-/readable-stream-3.6.2.tgz 664ms (cache miss)
550 http fetch GET 200 https://registry.npmjs.org/yallist/-/yallist-4.0.0.tgz 642ms (cache miss)
551 http fetch GET 200 https://registry.npmjs.org/minipass/-/minipass-3.3.6.tgz 640ms (cache miss)
552 http fetch GET 200 https://registry.npmjs.org/minipass/-/minipass-5.0.0.tgz 658ms (cache miss)
553 http fetch GET 200 https://registry.npmjs.org/emoji-regex/-/emoji-regex-9.2.2.tgz 664ms (cache miss)
554 http fetch GET 200 https://registry.npmjs.org/plist/-/plist-3.1.0.tgz 685ms (cache miss)
555 http fetch GET 200 https://registry.npmjs.org/@capacitor/core/-/core-7.4.3.tgz 697ms (cache miss)
556 http fetch GET 200 https://registry.npmjs.org/foreground-child/-/foreground-child-3.3.1.tgz 720ms (cache miss)
557 http fetch GET 200 https://registry.npmjs.org/commander/-/commander-12.1.0.tgz 758ms (cache miss)
558 http fetch GET 200 https://registry.npmjs.org/signal-exit/-/signal-exit-4.1.0.tgz 768ms (cache miss)
559 http fetch GET 200 https://registry.npmjs.org/tar/-/tar-6.2.1.tgz 769ms (cache miss)
560 http fetch GET 200 https://registry.npmjs.org/xmlbuilder/-/xmlbuilder-15.1.1.tgz 813ms (cache miss)
561 http fetch GET 200 https://registry.npmjs.org/lru-cache/-/lru-cache-11.2.2.tgz 803ms (cache miss)
562 http fetch GET 200 https://registry.npmjs.org/xml2js/-/xml2js-0.6.2.tgz 855ms (cache miss)
563 http fetch GET 200 https://registry.npmjs.org/xmlbuilder/-/xmlbuilder-11.0.1.tgz 862ms (cache miss)
564 http fetch GET 200 https://registry.npmjs.org/fs-extra/-/fs-extra-11.3.2.tgz 864ms (cache miss)
565 http fetch GET 200 https://registry.npmjs.org/prompts/-/prompts-2.4.2.tgz 888ms (cache miss)
566 http fetch GET 200 https://registry.npmjs.org/glob/-/glob-11.0.3.tgz 922ms (cache miss)
567 http fetch GET 200 https://registry.npmjs.org/@capacitor/cli/-/cli-7.4.3.tgz 997ms (cache miss)
568 http fetch GET 200 https://registry.npmjs.org/native-run/-/native-run-2.0.1.tgz 1016ms (cache miss)
569 http fetch GET 200 https://registry.npmjs.org/rimraf/-/rimraf-6.0.1.tgz 1046ms (cache miss)
570 silly ADD node_modules/eastasianwidth
571 silly ADD node_modules/mkdirp
572 silly ADD node_modules/fs-minipass
573 silly ADD node_modules/fs-minipass/node_modules/yallist
574 silly ADD node_modules/fs-minipass/node_modules/minipass
575 silly ADD node_modules/wrap-ansi-cjs
576 silly ADD node_modules/strip-ansi-cjs
577 silly ADD node_modules/string-width-cjs
578 silly ADD node_modules/@isaacs/cliui
579 silly ADD node_modules/@isaacs/cliui/node_modules/ansi-styles
580 silly ADD node_modules/@isaacs/cliui/node_modules/ansi-regex
581 silly ADD node_modules/@isaacs/cliui/node_modules/emoji-regex
582 silly ADD node_modules/@isaacs/cliui/node_modules/wrap-ansi
583 silly ADD node_modules/@isaacs/cliui/node_modules/strip-ansi
584 silly ADD node_modules/@isaacs/cliui/node_modules/string-width
585 silly ADD node_modules/path-scurry
586 silly ADD node_modules/path-scurry/node_modules/lru-cache
587 silly ADD node_modules/jackspeak
588 silly ADD node_modules/foreground-child
589 silly ADD node_modules/foreground-child/node_modules/signal-exit
590 silly ADD node_modules/package-json-from-dist
591 silly ADD node_modules/pend
592 silly ADD node_modules/fd-slicer
593 silly ADD node_modules/buffer-crc32
594 silly ADD node_modules/isexe
595 silly ADD node_modules/util-deprecate
596 silly ADD node_modules/string_decoder
597 silly ADD node_modules/readable-stream
598 silly ADD node_modules/ansi-regex
599 silly ADD node_modules/emoji-regex
600 silly ADD node_modules/color-name
601 silly ADD node_modules/color-convert
602 silly ADD node_modules/is-fullwidth-code-point
603 silly ADD node_modules/astral-regex
604 silly ADD node_modules/ansi-styles
605 silly ADD node_modules/shebang-regex
606 silly ADD node_modules/sisteransi
607 silly ADD node_modules/xmlbuilder
608 silly ADD node_modules/base64-js
609 silly ADD node_modules/@xmldom/xmldom
610 silly ADD node_modules/is-wsl
611 silly ADD node_modules/is-docker
612 silly ADD node_modules/define-lazy-prop
613 silly ADD node_modules/sax
614 silly ADD node_modules/big-integer
615 silly ADD node_modules/yauzl
616 silly ADD node_modules/through2
617 silly ADD node_modules/split2
618 silly ADD node_modules/ini
619 silly ADD node_modules/elementtree
620 silly ADD node_modules/bplist-parser
621 silly ADD node_modules/which
622 silly ADD node_modules/shebang-command
623 silly ADD node_modules/path-key
624 silly ADD node_modules/wrap-ansi
625 silly ADD node_modules/untildify
626 silly ADD node_modules/strip-ansi
627 silly ADD node_modules/string-width
628 silly ADD node_modules/slice-ansi
629 silly ADD node_modules/@types/slice-ansi
630 silly ADD node_modules/tree-kill
631 silly ADD node_modules/signal-exit
632 silly ADD node_modules/@ionic/utils-object
633 silly ADD node_modules/@types/fs-extra
634 silly ADD node_modules/cross-spawn
635 silly ADD node_modules/@ionic/utils-stream
636 silly ADD node_modules/@ionic/utils-process
637 silly ADD node_modules/@ionic/utils-fs
638 silly ADD node_modules/@ionic/utils-array
639 silly ADD node_modules/xml2js
640 silly ADD node_modules/xml2js/node_modules/xmlbuilder
641 silly ADD node_modules/prompts
642 silly ADD node_modules/prompts/node_modules/kleur
643 silly ADD node_modules/plist
644 silly ADD node_modules/open
645 silly ADD node_modules/native-run
646 silly ADD node_modules/kleur
647 silly ADD node_modules/env-paths
648 silly ADD node_modules/@ionic/utils-terminal
649 silly ADD node_modules/@ionic/utils-subprocess
650 silly ADD node_modules/@ionic/cli-framework-output
651 silly ADD node_modules/@capacitor/core
652 silly ADD node_modules/@capacitor/cli
653 silly ADD node_modules/@capacitor/cli/node_modules/yallist
654 silly ADD node_modules/@capacitor/cli/node_modules/minizlib
655 silly ADD node_modules/@capacitor/cli/node_modules/minizlib/node_modules/minipass
656 silly ADD node_modules/@capacitor/cli/node_modules/chownr
657 silly ADD node_modules/@capacitor/cli/node_modules/glob
658 silly ADD node_modules/@capacitor/cli/node_modules/tar
659 silly ADD node_modules/@capacitor/cli/node_modules/tar/node_modules/minipass
660 silly ADD node_modules/@capacitor/cli/node_modules/rimraf
661 silly ADD node_modules/@capacitor/cli/node_modules/fs-extra
662 silly ADD node_modules/@capacitor/cli/node_modules/commander
663 silly ADD
664 silly ADD
665 silly ADD
666 silly ADD
667 silly ADD
668 silly ADD
669 silly ADD
670 silly ADD
671 silly ADD
672 silly ADD
673 silly ADD
674 silly ADD
675 silly ADD
676 silly ADD
677 silly ADD
678 silly ADD
679 silly ADD
680 silly ADD
681 silly ADD
682 silly ADD
683 silly ADD
684 silly ADD
685 silly ADD
686 silly ADD
687 silly ADD
688 silly ADD
689 silly ADD
690 silly ADD
691 silly ADD
692 silly ADD
693 silly ADD
694 silly ADD
695 silly ADD
696 silly ADD
697 silly ADD
698 silly ADD
699 silly ADD
700 silly ADD
701 silly ADD
702 silly ADD
703 silly ADD
704 silly ADD
705 silly ADD
706 silly ADD
707 silly ADD
708 silly ADD
709 silly ADD
710 silly ADD
711 silly ADD
712 verbose exit 0
713 info ok
